2022-10-05 19:53:30,095 DEBUG c.g.f.w.FontController [http-nio-8080-exec-3] Controller#doGet starts
2022-10-05 19:53:30,096 DEBUG c.g.f.w.FontController [http-nio-8080-exec-3] Controller starts
2022-10-05 19:53:30,096 TRACE c.g.f.w.FontController [http-nio-8080-exec-3] Request parameter: command --> /home
2022-10-05 19:53:30,096 TRACE c.g.f.w.FontController [http-nio-8080-exec-3] Obtain key --> com.gmail.fursovych20.web.command.impl.HomeCommand@122038e1
2022-10-05 19:53:30,096 DEBUG c.g.f.w.c.i.HomeCommand [http-nio-8080-exec-3] HomeCommand starts
2022-10-05 19:53:30,096 TRACE c.g.f.w.c.i.HomeCommand [http-nio-8080-exec-3] Locale --> uk_UA
2022-10-05 19:53:30,096 DEBUG c.g.f.w.c.i.HomeCommand [http-nio-8080-exec-3] getSearchCriteria starts
2022-10-05 19:53:30,096 DEBUG c.g.f.w.c.i.HomeCommand [http-nio-8080-exec-3] getSearchCriteria finally success!
2022-10-05 19:53:30,099 INFO c.g.f.d.d.i.PublicationDAOImpl [http-nio-8080-exec-3] Find all publications by criteria --> PublicationSearchCriteria{locale=uk_UA, themeId=0, typeId=0, orderId=0, currentPage=1, itemsPerPage=10, pageCount=0}
2022-10-05 19:53:30,100 INFO c.g.f.d.d.i.PublicationDAOImpl [http-nio-8080-exec-3] Received total count --> PublicationSearchCriteria{locale=uk_UA, themeId=0, typeId=0, orderId=0, currentPage=1, itemsPerPage=10, pageCount=0}
2022-10-05 19:53:30,102 INFO c.g.f.d.d.i.ThemeDAOImpl [http-nio-8080-exec-3] Find all theme successfully!
2022-10-05 19:53:30,103 INFO c.g.f.d.d.i.TypeDAOImpl [http-nio-8080-exec-3] Find all type successfully --> uk_UA
2022-10-05 19:53:30,103 DEBUG c.g.f.w.c.i.HomeCommand [http-nio-8080-exec-3] HomeCommand finish
2022-10-05 19:53:30,103 TRACE c.g.f.w.FontController [http-nio-8080-exec-3] Forward address --> forward->/WEB-INF/jsp/home.jsp
2022-10-05 19:53:30,103 DEBUG c.g.f.w.FontController [http-nio-8080-exec-3] Controller finished, now go to address --> forward->/WEB-INF/jsp/home.jsp
2022-10-05 19:53:30,104 TRACE c.g.f.w.FontController [http-nio-8080-exec-3] Send to forward --> /WEB-INF/jsp/home.jsp
2022-10-05 19:53:30,130 DEBUG c.g.f.w.FontController [http-nio-8080-exec-3] Controller#doGet finished
2022-10-05 19:53:38,442 DEBUG c.g.f.w.FontController [http-nio-8080-exec-5] Controller#doGet starts
2022-10-05 19:53:38,442 DEBUG c.g.f.w.FontController [http-nio-8080-exec-5] Controller starts
2022-10-05 19:53:38,442 TRACE c.g.f.w.FontController [http-nio-8080-exec-5] Request parameter: command --> /search-publication
2022-10-05 19:53:38,442 TRACE c.g.f.w.FontController [http-nio-8080-exec-5] Obtain key --> com.gmail.fursovych20.web.command.impl.SearchCommand@1ce2367
2022-10-05 19:53:38,443 DEBUG c.g.f.w.c.i.SearchCommand [http-nio-8080-exec-5] SearchCommand starts
2022-10-05 19:53:38,443 TRACE c.g.f.w.c.i.SearchCommand [http-nio-8080-exec-5] Locale --> uk_UA
2022-10-05 19:53:38,443 DEBUG c.g.f.w.c.i.SearchCommand [http-nio-8080-exec-5] getSearchCriteria starts
2022-10-05 19:53:38,443 DEBUG c.g.f.w.c.i.SearchCommand [http-nio-8080-exec-5] getSearchCriteria finally success!
2022-10-05 19:53:38,445 INFO c.g.f.d.d.i.PublicationDAOImpl [http-nio-8080-exec-5] Publication has find successfully
2022-10-05 19:53:38,447 INFO c.g.f.d.d.i.PublicationDAOImpl [http-nio-8080-exec-5] Received total count --> PublicationSearchCriteria{locale=uk_UA, themeId=0, typeId=0, orderId=0, currentPage=1, itemsPerPage=10, pageCount=0}
2022-10-05 19:53:38,448 INFO c.g.f.d.d.i.ThemeDAOImpl [http-nio-8080-exec-5] Find all theme successfully!
2022-10-05 19:53:38,449 INFO c.g.f.d.d.i.TypeDAOImpl [http-nio-8080-exec-5] Find all type successfully --> uk_UA
2022-10-05 19:53:38,450 DEBUG c.g.f.w.c.i.SearchCommand [http-nio-8080-exec-5] SearchCommand finish
2022-10-05 19:53:38,450 TRACE c.g.f.w.FontController [http-nio-8080-exec-5] Forward address --> forward->/WEB-INF/jsp/home.jsp
2022-10-05 19:53:38,450 DEBUG c.g.f.w.FontController [http-nio-8080-exec-5] Controller finished, now go to address --> forward->/WEB-INF/jsp/home.jsp
2022-10-05 19:53:38,450 TRACE c.g.f.w.FontController [http-nio-8080-exec-5] Send to forward --> /WEB-INF/jsp/home.jsp
2022-10-05 19:53:38,465 DEBUG c.g.f.w.FontController [http-nio-8080-exec-5] Controller#doGet finished
2022-10-05 19:53:43,276 DEBUG c.g.f.w.FontController [http-nio-8080-exec-4] Controller#doGet starts
2022-10-05 19:53:43,276 DEBUG c.g.f.w.FontController [http-nio-8080-exec-4] Controller starts
2022-10-05 19:53:43,276 TRACE c.g.f.w.FontController [http-nio-8080-exec-4] Request parameter: command --> /home
2022-10-05 19:53:43,276 TRACE c.g.f.w.FontController [http-nio-8080-exec-4] Obtain key --> com.gmail.fursovych20.web.command.impl.HomeCommand@122038e1
2022-10-05 19:53:43,276 DEBUG c.g.f.w.c.i.HomeCommand [http-nio-8080-exec-4] HomeCommand starts
2022-10-05 19:53:43,276 TRACE c.g.f.w.c.i.HomeCommand [http-nio-8080-exec-4] Locale --> uk_UA
2022-10-05 19:53:43,276 DEBUG c.g.f.w.c.i.HomeCommand [http-nio-8080-exec-4] getSearchCriteria starts
2022-10-05 19:53:43,276 DEBUG c.g.f.w.c.i.HomeCommand [http-nio-8080-exec-4] getSearchCriteria finally success!
2022-10-05 19:53:43,278 INFO c.g.f.d.d.i.PublicationDAOImpl [http-nio-8080-exec-4] Find all publications by criteria --> PublicationSearchCriteria{locale=uk_UA, themeId=0, typeId=0, orderId=0, currentPage=1, itemsPerPage=3, pageCount=0}
2022-10-05 19:53:43,279 INFO c.g.f.d.d.i.PublicationDAOImpl [http-nio-8080-exec-4] Received total count --> PublicationSearchCriteria{locale=uk_UA, themeId=0, typeId=0, orderId=0, currentPage=1, itemsPerPage=3, pageCount=0}
2022-10-05 19:53:43,280 INFO c.g.f.d.d.i.ThemeDAOImpl [http-nio-8080-exec-4] Find all theme successfully!
2022-10-05 19:53:43,281 INFO c.g.f.d.d.i.TypeDAOImpl [http-nio-8080-exec-4] Find all type successfully --> uk_UA
2022-10-05 19:53:43,281 DEBUG c.g.f.w.c.i.HomeCommand [http-nio-8080-exec-4] HomeCommand finish
2022-10-05 19:53:43,281 TRACE c.g.f.w.FontController [http-nio-8080-exec-4] Forward address --> forward->/WEB-INF/jsp/home.jsp
2022-10-05 19:53:43,281 DEBUG c.g.f.w.FontController [http-nio-8080-exec-4] Controller finished, now go to address --> forward->/WEB-INF/jsp/home.jsp
2022-10-05 19:53:43,282 TRACE c.g.f.w.FontController [http-nio-8080-exec-4] Send to forward --> /WEB-INF/jsp/home.jsp
2022-10-05 19:53:43,290 DEBUG c.g.f.w.FontController [http-nio-8080-exec-4] Controller#doGet finished
2022-10-05 19:53:45,044 DEBUG c.g.f.w.FontController [http-nio-8080-exec-6] Controller#doGet starts
2022-10-05 19:53:45,044 DEBUG c.g.f.w.FontController [http-nio-8080-exec-6] Controller starts
2022-10-05 19:53:45,044 TRACE c.g.f.w.FontController [http-nio-8080-exec-6] Request parameter: command --> /home
2022-10-05 19:53:45,044 TRACE c.g.f.w.FontController [http-nio-8080-exec-6] Obtain key --> com.gmail.fursovych20.web.command.impl.HomeCommand@122038e1
2022-10-05 19:53:45,044 DEBUG c.g.f.w.c.i.HomeCommand [http-nio-8080-exec-6] HomeCommand starts
2022-10-05 19:53:45,044 TRACE c.g.f.w.c.i.HomeCommand [http-nio-8080-exec-6] Locale --> uk_UA
2022-10-05 19:53:45,044 DEBUG c.g.f.w.c.i.HomeCommand [http-nio-8080-exec-6] getSearchCriteria starts
2022-10-05 19:53:45,044 DEBUG c.g.f.w.c.i.HomeCommand [http-nio-8080-exec-6] getSearchCriteria finally success!
2022-10-05 19:53:45,046 INFO c.g.f.d.d.i.PublicationDAOImpl [http-nio-8080-exec-6] Find all publications by criteria --> PublicationSearchCriteria{locale=uk_UA, themeId=0, typeId=0, orderId=0, currentPage=1, itemsPerPage=5, pageCount=0}
2022-10-05 19:53:45,047 INFO c.g.f.d.d.i.PublicationDAOImpl [http-nio-8080-exec-6] Received total count --> PublicationSearchCriteria{locale=uk_UA, themeId=0, typeId=0, orderId=0, currentPage=1, itemsPerPage=5, pageCount=0}
2022-10-05 19:53:45,049 INFO c.g.f.d.d.i.ThemeDAOImpl [http-nio-8080-exec-6] Find all theme successfully!
2022-10-05 19:53:45,051 INFO c.g.f.d.d.i.TypeDAOImpl [http-nio-8080-exec-6] Find all type successfully --> uk_UA
2022-10-05 19:53:45,051 DEBUG c.g.f.w.c.i.HomeCommand [http-nio-8080-exec-6] HomeCommand finish
2022-10-05 19:53:45,051 TRACE c.g.f.w.FontController [http-nio-8080-exec-6] Forward address --> forward->/WEB-INF/jsp/home.jsp
2022-10-05 19:53:45,051 DEBUG c.g.f.w.FontController [http-nio-8080-exec-6] Controller finished, now go to address --> forward->/WEB-INF/jsp/home.jsp
2022-10-05 19:53:45,052 TRACE c.g.f.w.FontController [http-nio-8080-exec-6] Send to forward --> /WEB-INF/jsp/home.jsp
2022-10-05 19:53:45,056 DEBUG c.g.f.w.FontController [http-nio-8080-exec-6] Controller#doGet finished
2022-10-05 19:53:47,247 DEBUG c.g.f.w.FontController [http-nio-8080-exec-8] Controller#doGet starts
2022-10-05 19:53:47,247 DEBUG c.g.f.w.FontController [http-nio-8080-exec-8] Controller starts
2022-10-05 19:53:47,247 TRACE c.g.f.w.FontController [http-nio-8080-exec-8] Request parameter: command --> /home
2022-10-05 19:53:47,247 TRACE c.g.f.w.FontController [http-nio-8080-exec-8] Obtain key --> com.gmail.fursovych20.web.command.impl.HomeCommand@122038e1
2022-10-05 19:53:47,247 DEBUG c.g.f.w.c.i.HomeCommand [http-nio-8080-exec-8] HomeCommand starts
2022-10-05 19:53:47,247 TRACE c.g.f.w.c.i.HomeCommand [http-nio-8080-exec-8] Locale --> uk_UA
2022-10-05 19:53:47,247 DEBUG c.g.f.w.c.i.HomeCommand [http-nio-8080-exec-8] getSearchCriteria starts
2022-10-05 19:53:47,247 DEBUG c.g.f.w.c.i.HomeCommand [http-nio-8080-exec-8] getSearchCriteria finally success!
2022-10-05 19:53:47,249 INFO c.g.f.d.d.i.PublicationDAOImpl [http-nio-8080-exec-8] Find all publications by criteria --> PublicationSearchCriteria{locale=uk_UA, themeId=0, typeId=0, orderId=0, currentPage=1, itemsPerPage=10, pageCount=0}
2022-10-05 19:53:47,251 INFO c.g.f.d.d.i.PublicationDAOImpl [http-nio-8080-exec-8] Received total count --> PublicationSearchCriteria{locale=uk_UA, themeId=0, typeId=0, orderId=0, currentPage=1, itemsPerPage=10, pageCount=0}
2022-10-05 19:53:47,253 INFO c.g.f.d.d.i.ThemeDAOImpl [http-nio-8080-exec-8] Find all theme successfully!
2022-10-05 19:53:47,254 INFO c.g.f.d.d.i.TypeDAOImpl [http-nio-8080-exec-8] Find all type successfully --> uk_UA
2022-10-05 19:53:47,255 DEBUG c.g.f.w.c.i.HomeCommand [http-nio-8080-exec-8] HomeCommand finish
2022-10-05 19:53:47,255 TRACE c.g.f.w.FontController [http-nio-8080-exec-8] Forward address --> forward->/WEB-INF/jsp/home.jsp
2022-10-05 19:53:47,255 DEBUG c.g.f.w.FontController [http-nio-8080-exec-8] Controller finished, now go to address --> forward->/WEB-INF/jsp/home.jsp
2022-10-05 19:53:47,255 TRACE c.g.f.w.FontController [http-nio-8080-exec-8] Send to forward --> /WEB-INF/jsp/home.jsp
2022-10-05 19:53:47,260 DEBUG c.g.f.w.FontController [http-nio-8080-exec-8] Controller#doGet finished
2022-10-05 19:53:49,831 DEBUG c.g.f.w.FontController [http-nio-8080-exec-7] Controller#doGet starts
2022-10-05 19:53:49,831 DEBUG c.g.f.w.FontController [http-nio-8080-exec-7] Controller starts
2022-10-05 19:53:49,831 TRACE c.g.f.w.FontController [http-nio-8080-exec-7] Request parameter: command --> /home
2022-10-05 19:53:49,831 TRACE c.g.f.w.FontController [http-nio-8080-exec-7] Obtain key --> com.gmail.fursovych20.web.command.impl.HomeCommand@122038e1
2022-10-05 19:53:49,831 DEBUG c.g.f.w.c.i.HomeCommand [http-nio-8080-exec-7] HomeCommand starts
2022-10-05 19:53:49,831 TRACE c.g.f.w.c.i.HomeCommand [http-nio-8080-exec-7] Locale --> uk_UA
2022-10-05 19:53:49,831 DEBUG c.g.f.w.c.i.HomeCommand [http-nio-8080-exec-7] getSearchCriteria starts
2022-10-05 19:53:49,831 DEBUG c.g.f.w.c.i.HomeCommand [http-nio-8080-exec-7] getSearchCriteria finally success!
2022-10-05 19:53:49,833 INFO c.g.f.d.d.i.PublicationDAOImpl [http-nio-8080-exec-7] Find all publications by criteria --> PublicationSearchCriteria{locale=uk_UA, themeId=0, typeId=0, orderId=2, currentPage=1, itemsPerPage=10, pageCount=0}
2022-10-05 19:53:49,834 INFO c.g.f.d.d.i.PublicationDAOImpl [http-nio-8080-exec-7] Received total count --> PublicationSearchCriteria{locale=uk_UA, themeId=0, typeId=0, orderId=2, currentPage=1, itemsPerPage=10, pageCount=0}
2022-10-05 19:53:49,836 INFO c.g.f.d.d.i.ThemeDAOImpl [http-nio-8080-exec-7] Find all theme successfully!
2022-10-05 19:53:49,837 INFO c.g.f.d.d.i.TypeDAOImpl [http-nio-8080-exec-7] Find all type successfully --> uk_UA
2022-10-05 19:53:49,837 DEBUG c.g.f.w.c.i.HomeCommand [http-nio-8080-exec-7] HomeCommand finish
2022-10-05 19:53:49,837 TRACE c.g.f.w.FontController [http-nio-8080-exec-7] Forward address --> forward->/WEB-INF/jsp/home.jsp
2022-10-05 19:53:49,837 DEBUG c.g.f.w.FontController [http-nio-8080-exec-7] Controller finished, now go to address --> forward->/WEB-INF/jsp/home.jsp
2022-10-05 19:53:49,837 TRACE c.g.f.w.FontController [http-nio-8080-exec-7] Send to forward --> /WEB-INF/jsp/home.jsp
2022-10-05 19:53:49,852 DEBUG c.g.f.w.FontController [http-nio-8080-exec-7] Controller#doGet finished
2022-10-05 19:53:51,927 DEBUG c.g.f.w.FontController [http-nio-8080-exec-10] Controller#doGet starts
2022-10-05 19:53:51,927 DEBUG c.g.f.w.FontController [http-nio-8080-exec-10] Controller starts
2022-10-05 19:53:51,927 TRACE c.g.f.w.FontController [http-nio-8080-exec-10] Request parameter: command --> /home
2022-10-05 19:53:51,927 TRACE c.g.f.w.FontController [http-nio-8080-exec-10] Obtain key --> com.gmail.fursovych20.web.command.impl.HomeCommand@122038e1
2022-10-05 19:53:51,927 DEBUG c.g.f.w.c.i.HomeCommand [http-nio-8080-exec-10] HomeCommand starts
2022-10-05 19:53:51,927 TRACE c.g.f.w.c.i.HomeCommand [http-nio-8080-exec-10] Locale --> uk_UA
2022-10-05 19:53:51,928 DEBUG c.g.f.w.c.i.HomeCommand [http-nio-8080-exec-10] getSearchCriteria starts
2022-10-05 19:53:51,928 DEBUG c.g.f.w.c.i.HomeCommand [http-nio-8080-exec-10] getSearchCriteria finally success!
2022-10-05 19:53:51,933 INFO c.g.f.d.d.i.PublicationDAOImpl [http-nio-8080-exec-10] Find all publications by criteria --> PublicationSearchCriteria{locale=uk_UA, themeId=0, typeId=1, orderId=2, currentPage=1, itemsPerPage=10, pageCount=0}
2022-10-05 19:53:51,934 INFO c.g.f.d.d.i.PublicationDAOImpl [http-nio-8080-exec-10] Received total count --> PublicationSearchCriteria{locale=uk_UA, themeId=0, typeId=1, orderId=2, currentPage=1, itemsPerPage=10, pageCount=0}
2022-10-05 19:53:51,936 INFO c.g.f.d.d.i.ThemeDAOImpl [http-nio-8080-exec-10] Find all theme successfully!
2022-10-05 19:53:51,937 INFO c.g.f.d.d.i.TypeDAOImpl [http-nio-8080-exec-10] Find all type successfully --> uk_UA
2022-10-05 19:53:51,937 DEBUG c.g.f.w.c.i.HomeCommand [http-nio-8080-exec-10] HomeCommand finish
2022-10-05 19:53:51,937 TRACE c.g.f.w.FontController [http-nio-8080-exec-10] Forward address --> forward->/WEB-INF/jsp/home.jsp
2022-10-05 19:53:51,938 DEBUG c.g.f.w.FontController [http-nio-8080-exec-10] Controller finished, now go to address --> forward->/WEB-INF/jsp/home.jsp
2022-10-05 19:53:51,938 TRACE c.g.f.w.FontController [http-nio-8080-exec-10] Send to forward --> /WEB-INF/jsp/home.jsp
2022-10-05 19:53:51,943 DEBUG c.g.f.w.FontController [http-nio-8080-exec-10] Controller#doGet finished
2022-10-05 19:53:53,513 DEBUG c.g.f.w.FontController [http-nio-8080-exec-2] Controller#doGet starts
2022-10-05 19:53:53,513 DEBUG c.g.f.w.FontController [http-nio-8080-exec-2] Controller starts
2022-10-05 19:53:53,513 TRACE c.g.f.w.FontController [http-nio-8080-exec-2] Request parameter: command --> /home
2022-10-05 19:53:53,513 TRACE c.g.f.w.FontController [http-nio-8080-exec-2] Obtain key --> com.gmail.fursovych20.web.command.impl.HomeCommand@122038e1
2022-10-05 19:53:53,513 DEBUG c.g.f.w.c.i.HomeCommand [http-nio-8080-exec-2] HomeCommand starts
2022-10-05 19:53:53,513 TRACE c.g.f.w.c.i.HomeCommand [http-nio-8080-exec-2] Locale --> uk_UA
2022-10-05 19:53:53,513 DEBUG c.g.f.w.c.i.HomeCommand [http-nio-8080-exec-2] getSearchCriteria starts
2022-10-05 19:53:53,513 DEBUG c.g.f.w.c.i.HomeCommand [http-nio-8080-exec-2] getSearchCriteria finally success!
2022-10-05 19:53:53,515 INFO c.g.f.d.d.i.PublicationDAOImpl [http-nio-8080-exec-2] Find all publications by criteria --> PublicationSearchCriteria{locale=uk_UA, themeId=0, typeId=0, orderId=2, currentPage=1, itemsPerPage=10, pageCount=0}
2022-10-05 19:53:53,517 INFO c.g.f.d.d.i.PublicationDAOImpl [http-nio-8080-exec-2] Received total count --> PublicationSearchCriteria{locale=uk_UA, themeId=0, typeId=0, orderId=2, currentPage=1, itemsPerPage=10, pageCount=0}
2022-10-05 19:53:53,519 INFO c.g.f.d.d.i.ThemeDAOImpl [http-nio-8080-exec-2] Find all theme successfully!
2022-10-05 19:53:53,520 INFO c.g.f.d.d.i.TypeDAOImpl [http-nio-8080-exec-2] Find all type successfully --> uk_UA
2022-10-05 19:53:53,521 DEBUG c.g.f.w.c.i.HomeCommand [http-nio-8080-exec-2] HomeCommand finish
2022-10-05 19:53:53,521 TRACE c.g.f.w.FontController [http-nio-8080-exec-2] Forward address --> forward->/WEB-INF/jsp/home.jsp
2022-10-05 19:53:53,521 DEBUG c.g.f.w.FontController [http-nio-8080-exec-2] Controller finished, now go to address --> forward->/WEB-INF/jsp/home.jsp
2022-10-05 19:53:53,521 TRACE c.g.f.w.FontController [http-nio-8080-exec-2] Send to forward --> /WEB-INF/jsp/home.jsp
2022-10-05 19:53:53,526 DEBUG c.g.f.w.FontController [http-nio-8080-exec-2] Controller#doGet finished
2022-10-05 19:53:54,720 DEBUG c.g.f.w.FontController [http-nio-8080-exec-1] Controller#doGet starts
2022-10-05 19:53:54,720 DEBUG c.g.f.w.FontController [http-nio-8080-exec-1] Controller starts
2022-10-05 19:53:54,720 TRACE c.g.f.w.FontController [http-nio-8080-exec-1] Request parameter: command --> /home
2022-10-05 19:53:54,720 TRACE c.g.f.w.FontController [http-nio-8080-exec-1] Obtain key --> com.gmail.fursovych20.web.command.impl.HomeCommand@122038e1
2022-10-05 19:53:54,720 DEBUG c.g.f.w.c.i.HomeCommand [http-nio-8080-exec-1] HomeCommand starts
2022-10-05 19:53:54,720 TRACE c.g.f.w.c.i.HomeCommand [http-nio-8080-exec-1] Locale --> uk_UA
2022-10-05 19:53:54,720 DEBUG c.g.f.w.c.i.HomeCommand [http-nio-8080-exec-1] getSearchCriteria starts
2022-10-05 19:53:54,720 DEBUG c.g.f.w.c.i.HomeCommand [http-nio-8080-exec-1] getSearchCriteria finally success!
2022-10-05 19:53:54,723 INFO c.g.f.d.d.i.PublicationDAOImpl [http-nio-8080-exec-1] Find all publications by criteria --> PublicationSearchCriteria{locale=uk_UA, themeId=1, typeId=0, orderId=2, currentPage=1, itemsPerPage=10, pageCount=0}
2022-10-05 19:53:54,724 INFO c.g.f.d.d.i.PublicationDAOImpl [http-nio-8080-exec-1] Received total count --> PublicationSearchCriteria{locale=uk_UA, themeId=1, typeId=0, orderId=2, currentPage=1, itemsPerPage=10, pageCount=0}
2022-10-05 19:53:54,726 INFO c.g.f.d.d.i.ThemeDAOImpl [http-nio-8080-exec-1] Find all theme successfully!
2022-10-05 19:53:54,728 INFO c.g.f.d.d.i.TypeDAOImpl [http-nio-8080-exec-1] Find all type successfully --> uk_UA
2022-10-05 19:53:54,728 DEBUG c.g.f.w.c.i.HomeCommand [http-nio-8080-exec-1] HomeCommand finish
2022-10-05 19:53:54,728 TRACE c.g.f.w.FontController [http-nio-8080-exec-1] Forward address --> forward->/WEB-INF/jsp/home.jsp
2022-10-05 19:53:54,728 DEBUG c.g.f.w.FontController [http-nio-8080-exec-1] Controller finished, now go to address --> forward->/WEB-INF/jsp/home.jsp
2022-10-05 19:53:54,728 TRACE c.g.f.w.FontController [http-nio-8080-exec-1] Send to forward --> /WEB-INF/jsp/home.jsp
2022-10-05 19:53:54,743 DEBUG c.g.f.w.FontController [http-nio-8080-exec-1] Controller#doGet finished
2022-10-05 19:53:55,816 DEBUG c.g.f.w.FontController [http-nio-8080-exec-3] Controller#doGet starts
2022-10-05 19:53:55,816 DEBUG c.g.f.w.FontController [http-nio-8080-exec-3] Controller starts
2022-10-05 19:53:55,816 TRACE c.g.f.w.FontController [http-nio-8080-exec-3] Request parameter: command --> /home
2022-10-05 19:53:55,816 TRACE c.g.f.w.FontController [http-nio-8080-exec-3] Obtain key --> com.gmail.fursovych20.web.command.impl.HomeCommand@122038e1
2022-10-05 19:53:55,817 DEBUG c.g.f.w.c.i.HomeCommand [http-nio-8080-exec-3] HomeCommand starts
2022-10-05 19:53:55,817 TRACE c.g.f.w.c.i.HomeCommand [http-nio-8080-exec-3] Locale --> uk_UA
2022-10-05 19:53:55,817 DEBUG c.g.f.w.c.i.HomeCommand [http-nio-8080-exec-3] getSearchCriteria starts
2022-10-05 19:53:55,817 DEBUG c.g.f.w.c.i.HomeCommand [http-nio-8080-exec-3] getSearchCriteria finally success!
2022-10-05 19:53:55,819 INFO c.g.f.d.d.i.PublicationDAOImpl [http-nio-8080-exec-3] Find all publications by criteria --> PublicationSearchCriteria{locale=uk_UA, themeId=0, typeId=0, orderId=2, currentPage=1, itemsPerPage=10, pageCount=0}
2022-10-05 19:53:55,821 INFO c.g.f.d.d.i.PublicationDAOImpl [http-nio-8080-exec-3] Received total count --> PublicationSearchCriteria{locale=uk_UA, themeId=0, typeId=0, orderId=2, currentPage=1, itemsPerPage=10, pageCount=0}
2022-10-05 19:53:55,822 INFO c.g.f.d.d.i.ThemeDAOImpl [http-nio-8080-exec-3] Find all theme successfully!
2022-10-05 19:53:55,823 INFO c.g.f.d.d.i.TypeDAOImpl [http-nio-8080-exec-3] Find all type successfully --> uk_UA
2022-10-05 19:53:55,824 DEBUG c.g.f.w.c.i.HomeCommand [http-nio-8080-exec-3] HomeCommand finish
2022-10-05 19:53:55,824 TRACE c.g.f.w.FontController [http-nio-8080-exec-3] Forward address --> forward->/WEB-INF/jsp/home.jsp
2022-10-05 19:53:55,824 DEBUG c.g.f.w.FontController [http-nio-8080-exec-3] Controller finished, now go to address --> forward->/WEB-INF/jsp/home.jsp
2022-10-05 19:53:55,824 TRACE c.g.f.w.FontController [http-nio-8080-exec-3] Send to forward --> /WEB-INF/jsp/home.jsp
2022-10-05 19:53:55,828 DEBUG c.g.f.w.FontController [http-nio-8080-exec-3] Controller#doGet finished
2022-10-05 19:53:56,952 DEBUG c.g.f.w.FontController [http-nio-8080-exec-5] Controller#doGet starts
2022-10-05 19:53:56,953 DEBUG c.g.f.w.FontController [http-nio-8080-exec-5] Controller starts
2022-10-05 19:53:56,953 TRACE c.g.f.w.FontController [http-nio-8080-exec-5] Request parameter: command --> /home
2022-10-05 19:53:56,953 TRACE c.g.f.w.FontController [http-nio-8080-exec-5] Obtain key --> com.gmail.fursovych20.web.command.impl.HomeCommand@122038e1
2022-10-05 19:53:56,953 DEBUG c.g.f.w.c.i.HomeCommand [http-nio-8080-exec-5] HomeCommand starts
2022-10-05 19:53:56,953 TRACE c.g.f.w.c.i.HomeCommand [http-nio-8080-exec-5] Locale --> uk_UA
2022-10-05 19:53:56,953 DEBUG c.g.f.w.c.i.HomeCommand [http-nio-8080-exec-5] getSearchCriteria starts
2022-10-05 19:53:56,953 DEBUG c.g.f.w.c.i.HomeCommand [http-nio-8080-exec-5] getSearchCriteria finally success!
2022-10-05 19:53:56,956 INFO c.g.f.d.d.i.PublicationDAOImpl [http-nio-8080-exec-5] Find all publications by criteria --> PublicationSearchCriteria{locale=uk_UA, themeId=4, typeId=0, orderId=2, currentPage=1, itemsPerPage=10, pageCount=0}
2022-10-05 19:53:56,957 INFO c.g.f.d.d.i.PublicationDAOImpl [http-nio-8080-exec-5] Received total count --> PublicationSearchCriteria{locale=uk_UA, themeId=4, typeId=0, orderId=2, currentPage=1, itemsPerPage=10, pageCount=0}
2022-10-05 19:53:56,959 INFO c.g.f.d.d.i.ThemeDAOImpl [http-nio-8080-exec-5] Find all theme successfully!
2022-10-05 19:53:56,961 INFO c.g.f.d.d.i.TypeDAOImpl [http-nio-8080-exec-5] Find all type successfully --> uk_UA
2022-10-05 19:53:56,961 DEBUG c.g.f.w.c.i.HomeCommand [http-nio-8080-exec-5] HomeCommand finish
2022-10-05 19:53:56,961 TRACE c.g.f.w.FontController [http-nio-8080-exec-5] Forward address --> forward->/WEB-INF/jsp/home.jsp
2022-10-05 19:53:56,961 DEBUG c.g.f.w.FontController [http-nio-8080-exec-5] Controller finished, now go to address --> forward->/WEB-INF/jsp/home.jsp
2022-10-05 19:53:56,961 TRACE c.g.f.w.FontController [http-nio-8080-exec-5] Send to forward --> /WEB-INF/jsp/home.jsp
2022-10-05 19:53:56,964 DEBUG c.g.f.w.FontController [http-nio-8080-exec-5] Controller#doGet finished
2022-10-05 19:53:58,072 DEBUG c.g.f.w.FontController [http-nio-8080-exec-4] Controller#doGet starts
2022-10-05 19:53:58,072 DEBUG c.g.f.w.FontController [http-nio-8080-exec-4] Controller starts
2022-10-05 19:53:58,072 TRACE c.g.f.w.FontController [http-nio-8080-exec-4] Request parameter: command --> /home
2022-10-05 19:53:58,072 TRACE c.g.f.w.FontController [http-nio-8080-exec-4] Obtain key --> com.gmail.fursovych20.web.command.impl.HomeCommand@122038e1
2022-10-05 19:53:58,072 DEBUG c.g.f.w.c.i.HomeCommand [http-nio-8080-exec-4] HomeCommand starts
2022-10-05 19:53:58,072 TRACE c.g.f.w.c.i.HomeCommand [http-nio-8080-exec-4] Locale --> uk_UA
2022-10-05 19:53:58,072 DEBUG c.g.f.w.c.i.HomeCommand [http-nio-8080-exec-4] getSearchCriteria starts
2022-10-05 19:53:58,073 DEBUG c.g.f.w.c.i.HomeCommand [http-nio-8080-exec-4] getSearchCriteria finally success!
2022-10-05 19:53:58,076 INFO c.g.f.d.d.i.PublicationDAOImpl [http-nio-8080-exec-4] Find all publications by criteria --> PublicationSearchCriteria{locale=uk_UA, themeId=0, typeId=0, orderId=2, currentPage=1, itemsPerPage=10, pageCount=0}
2022-10-05 19:53:58,077 INFO c.g.f.d.d.i.PublicationDAOImpl [http-nio-8080-exec-4] Received total count --> PublicationSearchCriteria{locale=uk_UA, themeId=0, typeId=0, orderId=2, currentPage=1, itemsPerPage=10, pageCount=0}
2022-10-05 19:53:58,079 INFO c.g.f.d.d.i.ThemeDAOImpl [http-nio-8080-exec-4] Find all theme successfully!
2022-10-05 19:53:58,080 INFO c.g.f.d.d.i.TypeDAOImpl [http-nio-8080-exec-4] Find all type successfully --> uk_UA
2022-10-05 19:53:58,080 DEBUG c.g.f.w.c.i.HomeCommand [http-nio-8080-exec-4] HomeCommand finish
2022-10-05 19:53:58,080 TRACE c.g.f.w.FontController [http-nio-8080-exec-4] Forward address --> forward->/WEB-INF/jsp/home.jsp
2022-10-05 19:53:58,080 DEBUG c.g.f.w.FontController [http-nio-8080-exec-4] Controller finished, now go to address --> forward->/WEB-INF/jsp/home.jsp
2022-10-05 19:53:58,081 TRACE c.g.f.w.FontController [http-nio-8080-exec-4] Send to forward --> /WEB-INF/jsp/home.jsp
2022-10-05 19:53:58,085 DEBUG c.g.f.w.FontController [http-nio-8080-exec-4] Controller#doGet finished
2022-10-05 19:53:58,963 DEBUG c.g.f.w.FontController [http-nio-8080-exec-6] Controller#doGet starts
2022-10-05 19:53:58,963 DEBUG c.g.f.w.FontController [http-nio-8080-exec-6] Controller starts
2022-10-05 19:53:58,963 TRACE c.g.f.w.FontController [http-nio-8080-exec-6] Request parameter: command --> /user/profile
2022-10-05 19:53:58,963 TRACE c.g.f.w.FontController [http-nio-8080-exec-6] Obtain key --> com.gmail.fursovych20.web.command.impl.UserProfileCommand@812b798
2022-10-05 19:53:58,963 DEBUG c.g.f.w.c.i.UserProfileCommand [http-nio-8080-exec-6] UserProfileCommand starts
2022-10-05 19:53:58,963 TRACE c.g.f.w.c.i.UserProfileCommand [http-nio-8080-exec-6] User ID --> 8
2022-10-05 19:53:58,965 INFO c.g.f.d.d.i.UserDAOImpl [http-nio-8080-exec-6] User by ID is find --> 8
2022-10-05 19:53:58,965 DEBUG c.g.f.w.c.i.UserProfileCommand [http-nio-8080-exec-6] UserProfileCommand finish success!
2022-10-05 19:53:58,965 TRACE c.g.f.w.FontController [http-nio-8080-exec-6] Forward address --> forward->/WEB-INF/jsp/user/profile.jsp
2022-10-05 19:53:58,965 DEBUG c.g.f.w.FontController [http-nio-8080-exec-6] Controller finished, now go to address --> forward->/WEB-INF/jsp/user/profile.jsp
2022-10-05 19:53:58,965 TRACE c.g.f.w.FontController [http-nio-8080-exec-6] Send to forward --> /WEB-INF/jsp/user/profile.jsp
2022-10-05 19:53:58,975 DEBUG c.g.f.w.FontController [http-nio-8080-exec-6] Controller#doGet finished
2022-10-05 19:54:00,820 DEBUG c.g.f.w.FontController [http-nio-8080-exec-8] Controller#doGet starts
2022-10-05 19:54:00,820 DEBUG c.g.f.w.FontController [http-nio-8080-exec-8] Controller starts
2022-10-05 19:54:00,820 TRACE c.g.f.w.FontController [http-nio-8080-exec-8] Request parameter: command --> /user/subscriptions
2022-10-05 19:54:00,820 TRACE c.g.f.w.FontController [http-nio-8080-exec-8] Obtain key --> com.gmail.fursovych20.web.command.impl.UserActiveSubscriptionsCommand@4a907b0e
2022-10-05 19:54:00,820 DEBUG c.g.f.w.c.i.UserActiveSubscriptionsCommand [http-nio-8080-exec-8] UserActiveSubscriptionCommand starts
2022-10-05 19:54:00,820 TRACE c.g.f.w.c.i.UserActiveSubscriptionsCommand [http-nio-8080-exec-8] Locale --> uk_UA
2022-10-05 19:54:00,820 TRACE c.g.f.w.c.i.UserActiveSubscriptionsCommand [http-nio-8080-exec-8] User ID --> 8
2022-10-05 19:54:00,822 INFO c.g.f.d.d.i.SubscriptionDAOImpl [http-nio-8080-exec-8] Find active subscription by user id --> 8
2022-10-05 19:54:00,824 INFO c.g.f.d.d.i.PublicationDAOImpl [http-nio-8080-exec-8] Find a publication by ID: 63109, and LocalType: uk_UA
2022-10-05 19:54:00,826 INFO c.g.f.d.d.i.PublicationDAOImpl [http-nio-8080-exec-8] Find a publication by ID: 63241, and LocalType: uk_UA
2022-10-05 19:54:00,826 DEBUG c.g.f.w.c.i.UserActiveSubscriptionsCommand [http-nio-8080-exec-8] UserActiveSubscriptionCommand finish success!
2022-10-05 19:54:00,826 TRACE c.g.f.w.FontController [http-nio-8080-exec-8] Forward address --> forward->/WEB-INF/jsp/user/subscriptions.jsp
2022-10-05 19:54:00,826 DEBUG c.g.f.w.FontController [http-nio-8080-exec-8] Controller finished, now go to address --> forward->/WEB-INF/jsp/user/subscriptions.jsp
2022-10-05 19:54:00,826 TRACE c.g.f.w.FontController [http-nio-8080-exec-8] Send to forward --> /WEB-INF/jsp/user/subscriptions.jsp
2022-10-05 19:54:00,919 DEBUG c.g.f.w.FontController [http-nio-8080-exec-8] Controller#doGet finished
2022-10-05 19:54:02,529 DEBUG c.g.f.w.FontController [http-nio-8080-exec-7] Controller#doGet starts
2022-10-05 19:54:02,529 DEBUG c.g.f.w.FontController [http-nio-8080-exec-7] Controller starts
2022-10-05 19:54:02,529 TRACE c.g.f.w.FontController [http-nio-8080-exec-7] Request parameter: command --> /user/subscription-history
2022-10-05 19:54:02,529 TRACE c.g.f.w.FontController [http-nio-8080-exec-7] Obtain key --> com.gmail.fursovych20.web.command.impl.UserSubscriptionHistoryCommand@3e64172f
2022-10-05 19:54:02,529 DEBUG c.g.f.w.c.i.UserSubscriptionHistoryCommand [http-nio-8080-exec-7] UserSubscriptionHistoryCommand starts
2022-10-05 19:54:02,529 TRACE c.g.f.w.c.i.UserSubscriptionHistoryCommand [http-nio-8080-exec-7] Locale --> uk_UA
2022-10-05 19:54:02,529 TRACE c.g.f.w.c.i.UserSubscriptionHistoryCommand [http-nio-8080-exec-7] User ID --> 8
2022-10-05 19:54:02,535 INFO c.g.f.d.d.i.SubscriptionDAOImpl [http-nio-8080-exec-7] Find all subscription by user id --> 8
2022-10-05 19:54:02,536 DEBUG c.g.f.w.c.i.UserSubscriptionHistoryCommand [http-nio-8080-exec-7] UserSubscriptionHistoryCommand finish success!
2022-10-05 19:54:02,536 TRACE c.g.f.w.FontController [http-nio-8080-exec-7] Forward address --> forward->/WEB-INF/jsp/user/subscription_history.jsp
2022-10-05 19:54:02,536 DEBUG c.g.f.w.FontController [http-nio-8080-exec-7] Controller finished, now go to address --> forward->/WEB-INF/jsp/user/subscription_history.jsp
2022-10-05 19:54:02,536 TRACE c.g.f.w.FontController [http-nio-8080-exec-7] Send to forward --> /WEB-INF/jsp/user/subscription_history.jsp
2022-10-05 19:54:02,545 DEBUG c.g.f.w.FontController [http-nio-8080-exec-7] Controller#doGet finished
2022-10-05 19:54:03,377 DEBUG c.g.f.w.FontController [http-nio-8080-exec-9] Controller#doGet starts
2022-10-05 19:54:03,377 DEBUG c.g.f.w.FontController [http-nio-8080-exec-9] Controller starts
2022-10-05 19:54:03,377 TRACE c.g.f.w.FontController [http-nio-8080-exec-9] Request parameter: command --> /user/subscriptions
2022-10-05 19:54:03,378 TRACE c.g.f.w.FontController [http-nio-8080-exec-9] Obtain key --> com.gmail.fursovych20.web.command.impl.UserActiveSubscriptionsCommand@4a907b0e
2022-10-05 19:54:03,378 DEBUG c.g.f.w.c.i.UserActiveSubscriptionsCommand [http-nio-8080-exec-9] UserActiveSubscriptionCommand starts
2022-10-05 19:54:03,378 TRACE c.g.f.w.c.i.UserActiveSubscriptionsCommand [http-nio-8080-exec-9] Locale --> uk_UA
2022-10-05 19:54:03,378 TRACE c.g.f.w.c.i.UserActiveSubscriptionsCommand [http-nio-8080-exec-9] User ID --> 8
2022-10-05 19:54:03,381 INFO c.g.f.d.d.i.SubscriptionDAOImpl [http-nio-8080-exec-9] Find active subscription by user id --> 8
2022-10-05 19:54:03,384 INFO c.g.f.d.d.i.PublicationDAOImpl [http-nio-8080-exec-9] Find a publication by ID: 63109, and LocalType: uk_UA
2022-10-05 19:54:03,385 INFO c.g.f.d.d.i.PublicationDAOImpl [http-nio-8080-exec-9] Find a publication by ID: 63241, and LocalType: uk_UA
2022-10-05 19:54:03,386 DEBUG c.g.f.w.c.i.UserActiveSubscriptionsCommand [http-nio-8080-exec-9] UserActiveSubscriptionCommand finish success!
2022-10-05 19:54:03,386 TRACE c.g.f.w.FontController [http-nio-8080-exec-9] Forward address --> forward->/WEB-INF/jsp/user/subscriptions.jsp
2022-10-05 19:54:03,386 DEBUG c.g.f.w.FontController [http-nio-8080-exec-9] Controller finished, now go to address --> forward->/WEB-INF/jsp/user/subscriptions.jsp
2022-10-05 19:54:03,386 TRACE c.g.f.w.FontController [http-nio-8080-exec-9] Send to forward --> /WEB-INF/jsp/user/subscriptions.jsp
2022-10-05 19:54:03,390 DEBUG c.g.f.w.FontController [http-nio-8080-exec-9] Controller#doGet finished
2022-10-05 19:54:04,780 DEBUG c.g.f.w.FontController [http-nio-8080-exec-10] Controller#doGet starts
2022-10-05 19:54:04,780 DEBUG c.g.f.w.FontController [http-nio-8080-exec-10] Controller starts
2022-10-05 19:54:04,780 TRACE c.g.f.w.FontController [http-nio-8080-exec-10] Request parameter: command --> /user/subscription-history
2022-10-05 19:54:04,780 TRACE c.g.f.w.FontController [http-nio-8080-exec-10] Obtain key --> com.gmail.fursovych20.web.command.impl.UserSubscriptionHistoryCommand@3e64172f
2022-10-05 19:54:04,780 DEBUG c.g.f.w.c.i.UserSubscriptionHistoryCommand [http-nio-8080-exec-10] UserSubscriptionHistoryCommand starts
2022-10-05 19:54:04,780 TRACE c.g.f.w.c.i.UserSubscriptionHistoryCommand [http-nio-8080-exec-10] Locale --> uk_UA
2022-10-05 19:54:04,780 TRACE c.g.f.w.c.i.UserSubscriptionHistoryCommand [http-nio-8080-exec-10] User ID --> 8
2022-10-05 19:54:04,781 INFO c.g.f.d.d.i.SubscriptionDAOImpl [http-nio-8080-exec-10] Find all subscription by user id --> 8
2022-10-05 19:54:04,781 DEBUG c.g.f.w.c.i.UserSubscriptionHistoryCommand [http-nio-8080-exec-10] UserSubscriptionHistoryCommand finish success!
2022-10-05 19:54:04,781 TRACE c.g.f.w.FontController [http-nio-8080-exec-10] Forward address --> forward->/WEB-INF/jsp/user/subscription_history.jsp
2022-10-05 19:54:04,781 DEBUG c.g.f.w.FontController [http-nio-8080-exec-10] Controller finished, now go to address --> forward->/WEB-INF/jsp/user/subscription_history.jsp
2022-10-05 19:54:04,781 TRACE c.g.f.w.FontController [http-nio-8080-exec-10] Send to forward --> /WEB-INF/jsp/user/subscription_history.jsp
2022-10-05 19:54:04,785 DEBUG c.g.f.w.FontController [http-nio-8080-exec-10] Controller#doGet finished
2022-10-05 19:54:06,104 DEBUG c.g.f.w.FontController [http-nio-8080-exec-2] Controller#doGet starts
2022-10-05 19:54:06,104 DEBUG c.g.f.w.FontController [http-nio-8080-exec-2] Controller starts
2022-10-05 19:54:06,104 TRACE c.g.f.w.FontController [http-nio-8080-exec-2] Request parameter: command --> /user/balance-operation-history
2022-10-05 19:54:06,104 TRACE c.g.f.w.FontController [http-nio-8080-exec-2] Obtain key --> com.gmail.fursovych20.web.command.impl.UserBalanceOperationCommand@5138b8ef
2022-10-05 19:54:06,104 DEBUG c.g.f.w.c.i.UserBalanceOperationCommand [http-nio-8080-exec-2] BalanceOperation starts
2022-10-05 19:54:06,104 TRACE c.g.f.w.c.i.UserBalanceOperationCommand [http-nio-8080-exec-2] User ID --> 8
2022-10-05 19:54:06,110 INFO c.g.f.d.d.i.BalanceOperationDAOImpl [http-nio-8080-exec-2] Find balance operation for user by userId is successfully
2022-10-05 19:54:06,111 DEBUG c.g.f.w.c.i.UserBalanceOperationCommand [http-nio-8080-exec-2] BalanceOperationCommand finish successfully!
2022-10-05 19:54:06,111 TRACE c.g.f.w.FontController [http-nio-8080-exec-2] Forward address --> forward->/WEB-INF/jsp/user/balance_operation_history.jsp
2022-10-05 19:54:06,111 DEBUG c.g.f.w.FontController [http-nio-8080-exec-2] Controller finished, now go to address --> forward->/WEB-INF/jsp/user/balance_operation_history.jsp
2022-10-05 19:54:06,111 TRACE c.g.f.w.FontController [http-nio-8080-exec-2] Send to forward --> /WEB-INF/jsp/user/balance_operation_history.jsp
2022-10-05 19:54:06,123 DEBUG c.g.f.w.FontController [http-nio-8080-exec-2] Controller#doGet finished
2022-10-05 19:54:09,936 DEBUG c.g.f.w.FontController [http-nio-8080-exec-1] Controller#doGet starts
2022-10-05 19:54:09,937 DEBUG c.g.f.w.FontController [http-nio-8080-exec-1] Controller starts
2022-10-05 19:54:09,937 TRACE c.g.f.w.FontController [http-nio-8080-exec-1] Request parameter: command --> /logout
2022-10-05 19:54:09,937 TRACE c.g.f.w.FontController [http-nio-8080-exec-1] Obtain key --> com.gmail.fursovych20.web.command.impl.LogoutCommand@2b848270
2022-10-05 19:54:09,937 DEBUG c.g.f.w.c.i.LogoutCommand [http-nio-8080-exec-1] LogoutCommand starts
2022-10-05 19:54:09,937 TRACE c.g.f.w.u.HttpUtil [http-nio-8080-exec-1] Header page --> http://127.0.0.1:8080/periodicals_epam_war_exploded/controller/user/balance-operation-history
2022-10-05 19:54:09,937 TRACE c.g.f.w.c.i.LogoutCommand [http-nio-8080-exec-1] referPage --> http://127.0.0.1:8080/periodicals_epam_war_exploded/controller/user/balance-operation-history
2022-10-05 19:54:09,937 TRACE c.g.f.w.c.i.LogoutCommand [http-nio-8080-exec-1] Session is --> org.apache.catalina.session.StandardSessionFacade@4ca7069
2022-10-05 19:54:09,938 DEBUG c.g.f.w.c.i.LogoutCommand [http-nio-8080-exec-1] LogoutCommand finish
2022-10-05 19:54:09,939 TRACE c.g.f.w.FontController [http-nio-8080-exec-1] Forward address --> redirect->http://127.0.0.1:8080/periodicals_epam_war_exploded/controller/user/balance-operation-history
2022-10-05 19:54:09,939 DEBUG c.g.f.w.FontController [http-nio-8080-exec-1] Controller finished, now go to address --> redirect->http://127.0.0.1:8080/periodicals_epam_war_exploded/controller/user/balance-operation-history
2022-10-05 19:54:09,939 TRACE c.g.f.w.FontController [http-nio-8080-exec-1] Send to redirect --> http://127.0.0.1:8080/periodicals_epam_war_exploded/controller/user/balance-operation-history
2022-10-05 19:54:09,940 DEBUG c.g.f.w.FontController [http-nio-8080-exec-1] Controller#doGet finished
2022-10-05 19:54:09,951 DEBUG c.g.f.w.FontController [http-nio-8080-exec-5] Controller#doGet starts
2022-10-05 19:54:09,951 DEBUG c.g.f.w.FontController [http-nio-8080-exec-5] Controller starts
2022-10-05 19:54:09,951 TRACE c.g.f.w.FontController [http-nio-8080-exec-5] Request parameter: command --> /login
2022-10-05 19:54:09,951 TRACE c.g.f.w.FontController [http-nio-8080-exec-5] Obtain key --> com.gmail.fursovych20.web.command.impl.LoginCommand@2961e930
2022-10-05 19:54:09,951 DEBUG c.g.f.w.c.i.LoginCommand [http-nio-8080-exec-5] LoginCommand starts
2022-10-05 19:54:09,951 TRACE c.g.f.w.u.HttpUtil [http-nio-8080-exec-5] Header page --> http://127.0.0.1:8080/periodicals_epam_war_exploded/controller/user/balance-operation-history
2022-10-05 19:54:09,952 WARN c.g.f.w.c.i.LoginCommand [http-nio-8080-exec-5] Validation failed!
2022-10-05 19:54:09,952 TRACE c.g.f.w.FontController [http-nio-8080-exec-5] Forward address --> forward->/WEB-INF/jsp/login.jsp
2022-10-05 19:54:09,952 DEBUG c.g.f.w.FontController [http-nio-8080-exec-5] Controller finished, now go to address --> forward->/WEB-INF/jsp/login.jsp
2022-10-05 19:54:09,952 TRACE c.g.f.w.FontController [http-nio-8080-exec-5] Send to forward --> /WEB-INF/jsp/login.jsp
2022-10-05 19:54:09,961 DEBUG c.g.f.w.FontController [http-nio-8080-exec-5] Controller#doGet finished
2022-10-05 19:54:12,496 DEBUG c.g.f.w.FontController [http-nio-8080-exec-8] Controller#doGet starts
2022-10-05 19:54:12,496 DEBUG c.g.f.w.FontController [http-nio-8080-exec-8] Controller starts
2022-10-05 19:54:12,496 TRACE c.g.f.w.FontController [http-nio-8080-exec-8] Request parameter: command --> /change-locale
2022-10-05 19:54:12,496 TRACE c.g.f.w.FontController [http-nio-8080-exec-8] Obtain key --> com.gmail.fursovych20.web.command.impl.ChangeLocaleCommand@c94330
2022-10-05 19:54:12,496 DEBUG c.g.f.w.c.i.ChangeLocaleCommand [http-nio-8080-exec-8] ChangeLocaleCommand starts
2022-10-05 19:54:12,496 TRACE c.g.f.w.c.i.ChangeLocaleCommand [http-nio-8080-exec-8] Locale --> uk_UA
2022-10-05 19:54:12,496 TRACE c.g.f.w.u.HttpUtil [http-nio-8080-exec-8] Header page --> http://127.0.0.1:8080/periodicals_epam_war_exploded/controller/login
2022-10-05 19:54:12,496 DEBUG c.g.f.w.c.i.ChangeLocaleCommand [http-nio-8080-exec-8] ChangeLocaleCommand finish!
2022-10-05 19:54:12,496 TRACE c.g.f.w.FontController [http-nio-8080-exec-8] Forward address --> redirect->http://127.0.0.1:8080/periodicals_epam_war_exploded/controller/login
2022-10-05 19:54:12,496 DEBUG c.g.f.w.FontController [http-nio-8080-exec-8] Controller finished, now go to address --> redirect->http://127.0.0.1:8080/periodicals_epam_war_exploded/controller/login
2022-10-05 19:54:12,496 TRACE c.g.f.w.FontController [http-nio-8080-exec-8] Send to redirect --> http://127.0.0.1:8080/periodicals_epam_war_exploded/controller/login
2022-10-05 19:54:12,496 DEBUG c.g.f.w.FontController [http-nio-8080-exec-8] Controller#doGet finished
2022-10-05 19:54:12,509 DEBUG c.g.f.w.FontController [http-nio-8080-exec-7] Controller#doGet starts
2022-10-05 19:54:12,510 DEBUG c.g.f.w.FontController [http-nio-8080-exec-7] Controller starts
2022-10-05 19:54:12,510 TRACE c.g.f.w.FontController [http-nio-8080-exec-7] Request parameter: command --> /login
2022-10-05 19:54:12,510 TRACE c.g.f.w.FontController [http-nio-8080-exec-7] Obtain key --> com.gmail.fursovych20.web.command.impl.LoginCommand@2961e930
2022-10-05 19:54:12,510 DEBUG c.g.f.w.c.i.LoginCommand [http-nio-8080-exec-7] LoginCommand starts
2022-10-05 19:54:12,510 TRACE c.g.f.w.u.HttpUtil [http-nio-8080-exec-7] Header page --> http://127.0.0.1:8080/periodicals_epam_war_exploded/controller/login
2022-10-05 19:54:12,510 WARN c.g.f.w.c.i.LoginCommand [http-nio-8080-exec-7] Validation failed!
2022-10-05 19:54:12,510 TRACE c.g.f.w.FontController [http-nio-8080-exec-7] Forward address --> forward->/WEB-INF/jsp/login.jsp
2022-10-05 19:54:12,510 DEBUG c.g.f.w.FontController [http-nio-8080-exec-7] Controller finished, now go to address --> forward->/WEB-INF/jsp/login.jsp
2022-10-05 19:54:12,510 TRACE c.g.f.w.FontController [http-nio-8080-exec-7] Send to forward --> /WEB-INF/jsp/login.jsp
2022-10-05 19:54:12,511 DEBUG c.g.f.w.FontController [http-nio-8080-exec-7] Controller#doGet finished
2022-10-05 19:54:18,546 DEBUG c.g.f.w.FontController [http-nio-8080-exec-10] Controller#doGPost starts
2022-10-05 19:54:18,546 DEBUG c.g.f.w.FontController [http-nio-8080-exec-10] Controller starts
2022-10-05 19:54:18,546 TRACE c.g.f.w.FontController [http-nio-8080-exec-10] Request parameter: command --> /login
2022-10-05 19:54:18,546 TRACE c.g.f.w.FontController [http-nio-8080-exec-10] Obtain key --> com.gmail.fursovych20.web.command.impl.LoginCommand@2961e930
2022-10-05 19:54:18,546 DEBUG c.g.f.w.c.i.LoginCommand [http-nio-8080-exec-10] LoginCommand starts
2022-10-05 19:54:18,546 TRACE c.g.f.w.u.HttpUtil [http-nio-8080-exec-10] Header page --> http://127.0.0.1:8080/periodicals_epam_war_exploded/controller/login
2022-10-05 19:54:18,828 INFO c.g.f.s.u.VerifyRecaptcha [http-nio-8080-exec-10] Sending 'POST' request to URL : https://www.google.com/recaptcha/api/siteverify
2022-10-05 19:54:18,828 INFO c.g.f.s.u.VerifyRecaptcha [http-nio-8080-exec-10] Post parameters : secret=6Ld367khAAAAAN77biIpSCDVo_SbexYV_nIDUtxl&response=03AIIukziT4LCSoB1ikLi_8CVCGPeapkMXIQfYXJHU-m6xnu9dv-XpEBX7zeoCVaWIctxDsfI3U9gjqBYm0LMiOYx68xhX_wsYnbG63rCZ_rTo-tw7nMt6KEF4Fi9jdLhYfU5coBOmEHi1VCdJeXIQ3kXHYlSe7rvR-0--V8neh7hm2jioE3okZ77-IcV30IJHY1nxJL_XEdia9xLupw7PCy9SXdaYohNRutrevXI_hJpOD9O-A8M_jUlQYCDXVQe2d6e0JybMXnC9K_ArNJfgRz9Jugm0iulEmqRNIT2bze0NO8veoXcx59H2hlstB_WlEa5m_WeaVF5qKGL0F88YrcVU4QW8J53rSc6U1cWRLcTHeWwbPHgl4XKPQy-sLTfTX4tQmXuFr6k2nmhJxn9ZY4yyA81TV1uMsyplfXuA0BgXY9NvFn6Mo65Cx7WJNe9fdUL22NELcHihZFC85_8LVa7EOQtshujwKKPydRt4rQZPhYVIIoXEyYrQaUfHqE2tvMbzblJ3Gi54
2022-10-05 19:54:18,828 INFO c.g.f.s.u.VerifyRecaptcha [http-nio-8080-exec-10] Response Code : 200
2022-10-05 19:54:18,829 INFO c.g.f.s.u.VerifyRecaptcha [http-nio-8080-exec-10] {  "success": true,  "challenge_ts": "2022-10-05T16:54:13Z",  "hostname": "127.0.0.1"}
2022-10-05 19:54:18,855 INFO c.g.f.d.d.i.UserDAOImpl [http-nio-8080-exec-10] Find password successfully by --> admin
2022-10-05 19:54:19,208 INFO c.g.f.d.d.i.UserDAOImpl [http-nio-8080-exec-10] User find by email or login --> admin
2022-10-05 19:54:19,208 TRACE c.g.f.w.c.i.LoginCommand [http-nio-8080-exec-10] User find is system successfully --> admin
2022-10-05 19:54:19,209 TRACE c.g.f.w.c.i.LoginCommand [http-nio-8080-exec-10] Path to send redirect --> http://127.0.0.1:8080/periodicals_epam_war_exploded/controller/user/balance-operation-history
2022-10-05 19:54:19,209 DEBUG c.g.f.w.c.i.LoginCommand [http-nio-8080-exec-10] LoginCommand finish successfully!
2022-10-05 19:54:19,209 TRACE c.g.f.w.FontController [http-nio-8080-exec-10] Forward address --> redirect->http://127.0.0.1:8080/periodicals_epam_war_exploded/controller/user/balance-operation-history
2022-10-05 19:54:19,209 DEBUG c.g.f.w.FontController [http-nio-8080-exec-10] Controller finished, now go to address --> redirect->http://127.0.0.1:8080/periodicals_epam_war_exploded/controller/user/balance-operation-history
2022-10-05 19:54:19,209 TRACE c.g.f.w.FontController [http-nio-8080-exec-10] Send to redirect --> http://127.0.0.1:8080/periodicals_epam_war_exploded/controller/user/balance-operation-history
2022-10-05 19:54:19,209 DEBUG c.g.f.w.FontController [http-nio-8080-exec-10] Controller#doGPost finished
2022-10-05 19:54:19,218 DEBUG c.g.f.w.FontController [http-nio-8080-exec-2] Controller#doGet starts
2022-10-05 19:54:19,218 DEBUG c.g.f.w.FontController [http-nio-8080-exec-2] Controller starts
2022-10-05 19:54:19,218 TRACE c.g.f.w.FontController [http-nio-8080-exec-2] Request parameter: command --> /user/balance-operation-history
2022-10-05 19:54:19,218 TRACE c.g.f.w.FontController [http-nio-8080-exec-2] Obtain key --> com.gmail.fursovych20.web.command.impl.UserBalanceOperationCommand@5138b8ef
2022-10-05 19:54:19,218 DEBUG c.g.f.w.c.i.UserBalanceOperationCommand [http-nio-8080-exec-2] BalanceOperation starts
2022-10-05 19:54:19,218 TRACE c.g.f.w.c.i.UserBalanceOperationCommand [http-nio-8080-exec-2] User ID --> 1
2022-10-05 19:54:19,220 INFO c.g.f.d.d.i.BalanceOperationDAOImpl [http-nio-8080-exec-2] Find balance operation for user by userId is successfully
2022-10-05 19:54:19,221 DEBUG c.g.f.w.c.i.UserBalanceOperationCommand [http-nio-8080-exec-2] BalanceOperationCommand finish successfully!
2022-10-05 19:54:19,221 TRACE c.g.f.w.FontController [http-nio-8080-exec-2] Forward address --> forward->/WEB-INF/jsp/user/balance_operation_history.jsp
2022-10-05 19:54:19,221 DEBUG c.g.f.w.FontController [http-nio-8080-exec-2] Controller finished, now go to address --> forward->/WEB-INF/jsp/user/balance_operation_history.jsp
2022-10-05 19:54:19,221 TRACE c.g.f.w.FontController [http-nio-8080-exec-2] Send to forward --> /WEB-INF/jsp/user/balance_operation_history.jsp
2022-10-05 19:54:19,231 DEBUG c.g.f.w.FontController [http-nio-8080-exec-2] Controller#doGet finished
2022-10-05 19:54:21,950 DEBUG c.g.f.w.FontController [http-nio-8080-exec-1] Controller#doGet starts
2022-10-05 19:54:21,950 DEBUG c.g.f.w.FontController [http-nio-8080-exec-1] Controller starts
2022-10-05 19:54:21,950 TRACE c.g.f.w.FontController [http-nio-8080-exec-1] Request parameter: command --> /user/subscriptions
2022-10-05 19:54:21,951 TRACE c.g.f.w.FontController [http-nio-8080-exec-1] Obtain key --> com.gmail.fursovych20.web.command.impl.UserActiveSubscriptionsCommand@4a907b0e
2022-10-05 19:54:21,951 DEBUG c.g.f.w.c.i.UserActiveSubscriptionsCommand [http-nio-8080-exec-1] UserActiveSubscriptionCommand starts
2022-10-05 19:54:21,951 TRACE c.g.f.w.c.i.UserActiveSubscriptionsCommand [http-nio-8080-exec-1] Locale --> uk_UA
2022-10-05 19:54:21,951 TRACE c.g.f.w.c.i.UserActiveSubscriptionsCommand [http-nio-8080-exec-1] User ID --> 1
2022-10-05 19:54:21,952 INFO c.g.f.d.d.i.SubscriptionDAOImpl [http-nio-8080-exec-1] Find active subscription by user id --> 1
2022-10-05 19:54:21,952 DEBUG c.g.f.w.c.i.UserActiveSubscriptionsCommand [http-nio-8080-exec-1] UserActiveSubscriptionCommand finish success!
2022-10-05 19:54:21,952 TRACE c.g.f.w.FontController [http-nio-8080-exec-1] Forward address --> forward->/WEB-INF/jsp/user/subscriptions.jsp
2022-10-05 19:54:21,952 DEBUG c.g.f.w.FontController [http-nio-8080-exec-1] Controller finished, now go to address --> forward->/WEB-INF/jsp/user/subscriptions.jsp
2022-10-05 19:54:21,952 TRACE c.g.f.w.FontController [http-nio-8080-exec-1] Send to forward --> /WEB-INF/jsp/user/subscriptions.jsp
2022-10-05 19:54:21,958 DEBUG c.g.f.w.FontController [http-nio-8080-exec-1] Controller#doGet finished
2022-10-05 19:54:23,240 DEBUG c.g.f.w.FontController [http-nio-8080-exec-3] Controller#doGet starts
2022-10-05 19:54:23,240 DEBUG c.g.f.w.FontController [http-nio-8080-exec-3] Controller starts
2022-10-05 19:54:23,240 TRACE c.g.f.w.FontController [http-nio-8080-exec-3] Request parameter: command --> /user/balance-operation-history
2022-10-05 19:54:23,240 TRACE c.g.f.w.FontController [http-nio-8080-exec-3] Obtain key --> com.gmail.fursovych20.web.command.impl.UserBalanceOperationCommand@5138b8ef
2022-10-05 19:54:23,240 DEBUG c.g.f.w.c.i.UserBalanceOperationCommand [http-nio-8080-exec-3] BalanceOperation starts
2022-10-05 19:54:23,240 TRACE c.g.f.w.c.i.UserBalanceOperationCommand [http-nio-8080-exec-3] User ID --> 1
2022-10-05 19:54:23,242 INFO c.g.f.d.d.i.BalanceOperationDAOImpl [http-nio-8080-exec-3] Find balance operation for user by userId is successfully
2022-10-05 19:54:23,242 DEBUG c.g.f.w.c.i.UserBalanceOperationCommand [http-nio-8080-exec-3] BalanceOperationCommand finish successfully!
2022-10-05 19:54:23,242 TRACE c.g.f.w.FontController [http-nio-8080-exec-3] Forward address --> forward->/WEB-INF/jsp/user/balance_operation_history.jsp
2022-10-05 19:54:23,242 DEBUG c.g.f.w.FontController [http-nio-8080-exec-3] Controller finished, now go to address --> forward->/WEB-INF/jsp/user/balance_operation_history.jsp
2022-10-05 19:54:23,242 TRACE c.g.f.w.FontController [http-nio-8080-exec-3] Send to forward --> /WEB-INF/jsp/user/balance_operation_history.jsp
2022-10-05 19:54:23,282 DEBUG c.g.f.w.FontController [http-nio-8080-exec-3] Controller#doGet finished
2022-10-05 19:54:31,516 DEBUG c.g.f.w.FontController [http-nio-8080-exec-5] Controller#doGet starts
2022-10-05 19:54:31,516 DEBUG c.g.f.w.FontController [http-nio-8080-exec-5] Controller starts
2022-10-05 19:54:31,516 TRACE c.g.f.w.FontController [http-nio-8080-exec-5] Request parameter: command --> /user/profile
2022-10-05 19:54:31,517 TRACE c.g.f.w.FontController [http-nio-8080-exec-5] Obtain key --> com.gmail.fursovych20.web.command.impl.UserProfileCommand@812b798
2022-10-05 19:54:31,517 DEBUG c.g.f.w.c.i.UserProfileCommand [http-nio-8080-exec-5] UserProfileCommand starts
2022-10-05 19:54:31,517 TRACE c.g.f.w.c.i.UserProfileCommand [http-nio-8080-exec-5] User ID --> 1
2022-10-05 19:54:31,520 INFO c.g.f.d.d.i.UserDAOImpl [http-nio-8080-exec-5] User by ID is find --> 1
2022-10-05 19:54:31,520 DEBUG c.g.f.w.c.i.UserProfileCommand [http-nio-8080-exec-5] UserProfileCommand finish success!
2022-10-05 19:54:31,520 TRACE c.g.f.w.FontController [http-nio-8080-exec-5] Forward address --> forward->/WEB-INF/jsp/user/profile.jsp
2022-10-05 19:54:31,520 DEBUG c.g.f.w.FontController [http-nio-8080-exec-5] Controller finished, now go to address --> forward->/WEB-INF/jsp/user/profile.jsp
2022-10-05 19:54:31,520 TRACE c.g.f.w.FontController [http-nio-8080-exec-5] Send to forward --> /WEB-INF/jsp/user/profile.jsp
2022-10-05 19:54:31,540 DEBUG c.g.f.w.FontController [http-nio-8080-exec-5] Controller#doGet finished
2022-10-05 19:54:33,280 DEBUG c.g.f.w.FontController [http-nio-8080-exec-6] Controller#doGet starts
2022-10-05 19:54:33,280 DEBUG c.g.f.w.FontController [http-nio-8080-exec-6] Controller starts
2022-10-05 19:54:33,280 TRACE c.g.f.w.FontController [http-nio-8080-exec-6] Request parameter: command --> /user/subscriptions
2022-10-05 19:54:33,280 TRACE c.g.f.w.FontController [http-nio-8080-exec-6] Obtain key --> com.gmail.fursovych20.web.command.impl.UserActiveSubscriptionsCommand@4a907b0e
2022-10-05 19:54:33,280 DEBUG c.g.f.w.c.i.UserActiveSubscriptionsCommand [http-nio-8080-exec-6] UserActiveSubscriptionCommand starts
2022-10-05 19:54:33,280 TRACE c.g.f.w.c.i.UserActiveSubscriptionsCommand [http-nio-8080-exec-6] Locale --> uk_UA
2022-10-05 19:54:33,280 TRACE c.g.f.w.c.i.UserActiveSubscriptionsCommand [http-nio-8080-exec-6] User ID --> 1
2022-10-05 19:54:33,281 INFO c.g.f.d.d.i.SubscriptionDAOImpl [http-nio-8080-exec-6] Find active subscription by user id --> 1
2022-10-05 19:54:33,281 DEBUG c.g.f.w.c.i.UserActiveSubscriptionsCommand [http-nio-8080-exec-6] UserActiveSubscriptionCommand finish success!
2022-10-05 19:54:33,281 TRACE c.g.f.w.FontController [http-nio-8080-exec-6] Forward address --> forward->/WEB-INF/jsp/user/subscriptions.jsp
2022-10-05 19:54:33,281 DEBUG c.g.f.w.FontController [http-nio-8080-exec-6] Controller finished, now go to address --> forward->/WEB-INF/jsp/user/subscriptions.jsp
2022-10-05 19:54:33,281 TRACE c.g.f.w.FontController [http-nio-8080-exec-6] Send to forward --> /WEB-INF/jsp/user/subscriptions.jsp
2022-10-05 19:54:33,289 DEBUG c.g.f.w.FontController [http-nio-8080-exec-6] Controller#doGet finished
2022-10-05 19:54:35,254 DEBUG c.g.f.w.FontController [http-nio-8080-exec-8] Controller#doGet starts
2022-10-05 19:54:35,254 DEBUG c.g.f.w.FontController [http-nio-8080-exec-8] Controller starts
2022-10-05 19:54:35,254 TRACE c.g.f.w.FontController [http-nio-8080-exec-8] Request parameter: command --> /user/profile
2022-10-05 19:54:35,255 TRACE c.g.f.w.FontController [http-nio-8080-exec-8] Obtain key --> com.gmail.fursovych20.web.command.impl.UserProfileCommand@812b798
2022-10-05 19:54:35,255 DEBUG c.g.f.w.c.i.UserProfileCommand [http-nio-8080-exec-8] UserProfileCommand starts
2022-10-05 19:54:35,255 TRACE c.g.f.w.c.i.UserProfileCommand [http-nio-8080-exec-8] User ID --> 1
2022-10-05 19:54:35,257 INFO c.g.f.d.d.i.UserDAOImpl [http-nio-8080-exec-8] User by ID is find --> 1
2022-10-05 19:54:35,258 DEBUG c.g.f.w.c.i.UserProfileCommand [http-nio-8080-exec-8] UserProfileCommand finish success!
2022-10-05 19:54:35,258 TRACE c.g.f.w.FontController [http-nio-8080-exec-8] Forward address --> forward->/WEB-INF/jsp/user/profile.jsp
2022-10-05 19:54:35,258 DEBUG c.g.f.w.FontController [http-nio-8080-exec-8] Controller finished, now go to address --> forward->/WEB-INF/jsp/user/profile.jsp
2022-10-05 19:54:35,258 TRACE c.g.f.w.FontController [http-nio-8080-exec-8] Send to forward --> /WEB-INF/jsp/user/profile.jsp
2022-10-05 19:54:35,264 DEBUG c.g.f.w.FontController [http-nio-8080-exec-8] Controller#doGet finished
2022-10-05 19:54:37,126 DEBUG c.g.f.w.FontController [http-nio-8080-exec-7] Controller#doGet starts
2022-10-05 19:54:37,126 DEBUG c.g.f.w.FontController [http-nio-8080-exec-7] Controller starts
2022-10-05 19:54:37,126 TRACE c.g.f.w.FontController [http-nio-8080-exec-7] Request parameter: command --> /logout
2022-10-05 19:54:37,126 TRACE c.g.f.w.FontController [http-nio-8080-exec-7] Obtain key --> com.gmail.fursovych20.web.command.impl.LogoutCommand@2b848270
2022-10-05 19:54:37,126 DEBUG c.g.f.w.c.i.LogoutCommand [http-nio-8080-exec-7] LogoutCommand starts
2022-10-05 19:54:37,127 TRACE c.g.f.w.u.HttpUtil [http-nio-8080-exec-7] Header page --> http://127.0.0.1:8080/periodicals_epam_war_exploded/controller/user/profile
2022-10-05 19:54:37,127 TRACE c.g.f.w.c.i.LogoutCommand [http-nio-8080-exec-7] referPage --> http://127.0.0.1:8080/periodicals_epam_war_exploded/controller/user/profile
2022-10-05 19:54:37,127 TRACE c.g.f.w.c.i.LogoutCommand [http-nio-8080-exec-7] Session is --> org.apache.catalina.session.StandardSessionFacade@213f0a6b
2022-10-05 19:54:37,127 DEBUG c.g.f.w.c.i.LogoutCommand [http-nio-8080-exec-7] LogoutCommand finish
2022-10-05 19:54:37,127 TRACE c.g.f.w.FontController [http-nio-8080-exec-7] Forward address --> redirect->http://127.0.0.1:8080/periodicals_epam_war_exploded/controller/user/profile
2022-10-05 19:54:37,127 DEBUG c.g.f.w.FontController [http-nio-8080-exec-7] Controller finished, now go to address --> redirect->http://127.0.0.1:8080/periodicals_epam_war_exploded/controller/user/profile
2022-10-05 19:54:37,127 TRACE c.g.f.w.FontController [http-nio-8080-exec-7] Send to redirect --> http://127.0.0.1:8080/periodicals_epam_war_exploded/controller/user/profile
2022-10-05 19:54:37,127 DEBUG c.g.f.w.FontController [http-nio-8080-exec-7] Controller#doGet finished
2022-10-05 19:54:37,140 DEBUG c.g.f.w.FontController [http-nio-8080-exec-10] Controller#doGet starts
2022-10-05 19:54:37,140 DEBUG c.g.f.w.FontController [http-nio-8080-exec-10] Controller starts
2022-10-05 19:54:37,141 TRACE c.g.f.w.FontController [http-nio-8080-exec-10] Request parameter: command --> /login
2022-10-05 19:54:37,141 TRACE c.g.f.w.FontController [http-nio-8080-exec-10] Obtain key --> com.gmail.fursovych20.web.command.impl.LoginCommand@2961e930
2022-10-05 19:54:37,141 DEBUG c.g.f.w.c.i.LoginCommand [http-nio-8080-exec-10] LoginCommand starts
2022-10-05 19:54:37,141 TRACE c.g.f.w.u.HttpUtil [http-nio-8080-exec-10] Header page --> http://127.0.0.1:8080/periodicals_epam_war_exploded/controller/user/profile
2022-10-05 19:54:37,141 WARN c.g.f.w.c.i.LoginCommand [http-nio-8080-exec-10] Validation failed!
2022-10-05 19:54:37,141 TRACE c.g.f.w.FontController [http-nio-8080-exec-10] Forward address --> forward->/WEB-INF/jsp/login.jsp
2022-10-05 19:54:37,141 DEBUG c.g.f.w.FontController [http-nio-8080-exec-10] Controller finished, now go to address --> forward->/WEB-INF/jsp/login.jsp
2022-10-05 19:54:37,141 TRACE c.g.f.w.FontController [http-nio-8080-exec-10] Send to forward --> /WEB-INF/jsp/login.jsp
2022-10-05 19:54:37,150 DEBUG c.g.f.w.FontController [http-nio-8080-exec-10] Controller#doGet finished
2022-10-05 19:54:41,270 DEBUG c.g.f.w.FontController [http-nio-8080-exec-1] Controller#doGPost starts
2022-10-05 19:54:41,270 DEBUG c.g.f.w.FontController [http-nio-8080-exec-1] Controller starts
2022-10-05 19:54:41,270 TRACE c.g.f.w.FontController [http-nio-8080-exec-1] Request parameter: command --> /login
2022-10-05 19:54:41,270 TRACE c.g.f.w.FontController [http-nio-8080-exec-1] Obtain key --> com.gmail.fursovych20.web.command.impl.LoginCommand@2961e930
2022-10-05 19:54:41,271 DEBUG c.g.f.w.c.i.LoginCommand [http-nio-8080-exec-1] LoginCommand starts
2022-10-05 19:54:41,272 TRACE c.g.f.w.u.HttpUtil [http-nio-8080-exec-1] Header page --> http://127.0.0.1:8080/periodicals_epam_war_exploded/controller/login
2022-10-05 19:54:41,417 INFO c.g.f.s.u.VerifyRecaptcha [http-nio-8080-exec-1] Sending 'POST' request to URL : https://www.google.com/recaptcha/api/siteverify
2022-10-05 19:54:41,417 INFO c.g.f.s.u.VerifyRecaptcha [http-nio-8080-exec-1] Post parameters : secret=6Ld367khAAAAAN77biIpSCDVo_SbexYV_nIDUtxl&response=03AIIukzh28KPn_UgfFqwWR9b9tt-JBsSfgTnXWYy8KGXrdnZWHtvPScw061_osasMP4jkJTahP5w61xRvjzzscG10L1sVqUbKFKewHOFiRtU7xQ6SmDXwjpSinsJrJajfWlsTqXuIpRDaYsTdE0EbK-YvvecaaivlmdCRnC2rB-rHsCQoC_TqelOTht0M-Pb0_QUq3XzJw0IuRBab4uE6-uGOGV9RIhcekP3LsaMrL70KyLoqEB-CGcH3QWlfyxgEpF6qPk3jiXm7iCpRld5KPNG8_J3Jb4EQgoX0xhkT4UJi3bEfgFTwjZleWdkuEuhYqnz3VeSDQmiEvJ9zFPg4vtoehyyC1wq5XbkPD9Z6zhI3apXBejKyrzrnUsCPvp_ZHdNLNZkEpWMoP9wkzP5cU5fiKwH1jIRdretQFXhkznsEsZfaJytJoEJs23Wno_oJuspq8B0kythXWGhZp9_s8RkCjEn0MNIXHWywJTbgv9xOfOPi4dSBUqQHPIKYgImxQabUN8y4ZPBI
2022-10-05 19:54:41,417 INFO c.g.f.s.u.VerifyRecaptcha [http-nio-8080-exec-1] Response Code : 200
2022-10-05 19:54:41,418 INFO c.g.f.s.u.VerifyRecaptcha [http-nio-8080-exec-1] {  "success": true,  "challenge_ts": "2022-10-05T16:54:38Z",  "hostname": "127.0.0.1"}
2022-10-05 19:54:41,439 INFO c.g.f.d.d.i.UserDAOImpl [http-nio-8080-exec-1] Find password successfully by --> admin1991
2022-10-05 19:54:41,629 INFO c.g.f.d.d.i.UserDAOImpl [http-nio-8080-exec-1] User find by email or login --> admin1991
2022-10-05 19:54:41,630 TRACE c.g.f.w.c.i.LoginCommand [http-nio-8080-exec-1] User find is system successfully --> admin1991
2022-10-05 19:54:41,630 TRACE c.g.f.w.c.i.LoginCommand [http-nio-8080-exec-1] Path to send redirect --> http://127.0.0.1:8080/periodicals_epam_war_exploded/controller/user/profile
2022-10-05 19:54:41,630 DEBUG c.g.f.w.c.i.LoginCommand [http-nio-8080-exec-1] LoginCommand finish successfully!
2022-10-05 19:54:41,630 TRACE c.g.f.w.FontController [http-nio-8080-exec-1] Forward address --> redirect->http://127.0.0.1:8080/periodicals_epam_war_exploded/controller/user/profile
2022-10-05 19:54:41,630 DEBUG c.g.f.w.FontController [http-nio-8080-exec-1] Controller finished, now go to address --> redirect->http://127.0.0.1:8080/periodicals_epam_war_exploded/controller/user/profile
2022-10-05 19:54:41,630 TRACE c.g.f.w.FontController [http-nio-8080-exec-1] Send to redirect --> http://127.0.0.1:8080/periodicals_epam_war_exploded/controller/user/profile
2022-10-05 19:54:41,630 DEBUG c.g.f.w.FontController [http-nio-8080-exec-1] Controller#doGPost finished
2022-10-05 19:54:41,641 DEBUG c.g.f.w.FontController [http-nio-8080-exec-5] Controller#doGet starts
2022-10-05 19:54:41,641 DEBUG c.g.f.w.FontController [http-nio-8080-exec-5] Controller starts
2022-10-05 19:54:41,641 TRACE c.g.f.w.FontController [http-nio-8080-exec-5] Request parameter: command --> /home
2022-10-05 19:54:41,641 TRACE c.g.f.w.FontController [http-nio-8080-exec-5] Obtain key --> com.gmail.fursovych20.web.command.impl.HomeCommand@122038e1
2022-10-05 19:54:41,641 DEBUG c.g.f.w.c.i.HomeCommand [http-nio-8080-exec-5] HomeCommand starts
2022-10-05 19:54:41,641 TRACE c.g.f.w.c.i.HomeCommand [http-nio-8080-exec-5] Locale --> en_US
2022-10-05 19:54:41,641 DEBUG c.g.f.w.c.i.HomeCommand [http-nio-8080-exec-5] getSearchCriteria starts
2022-10-05 19:54:41,641 DEBUG c.g.f.w.c.i.HomeCommand [http-nio-8080-exec-5] getSearchCriteria finally success!
2022-10-05 19:54:41,644 INFO c.g.f.d.d.i.PublicationDAOImpl [http-nio-8080-exec-5] Find all publications by criteria --> PublicationSearchCriteria{locale=en_US, themeId=0, typeId=0, orderId=0, currentPage=1, itemsPerPage=10, pageCount=0}
2022-10-05 19:54:41,645 INFO c.g.f.d.d.i.PublicationDAOImpl [http-nio-8080-exec-5] Received total count --> PublicationSearchCriteria{locale=en_US, themeId=0, typeId=0, orderId=0, currentPage=1, itemsPerPage=10, pageCount=0}
2022-10-05 19:54:41,646 INFO c.g.f.d.d.i.ThemeDAOImpl [http-nio-8080-exec-5] Find all theme successfully!
2022-10-05 19:54:41,648 INFO c.g.f.d.d.i.TypeDAOImpl [http-nio-8080-exec-5] Find all type successfully --> en_US
2022-10-05 19:54:41,648 DEBUG c.g.f.w.c.i.HomeCommand [http-nio-8080-exec-5] HomeCommand finish
2022-10-05 19:54:41,649 TRACE c.g.f.w.FontController [http-nio-8080-exec-5] Forward address --> forward->/WEB-INF/jsp/home.jsp
2022-10-05 19:54:41,649 DEBUG c.g.f.w.FontController [http-nio-8080-exec-5] Controller finished, now go to address --> forward->/WEB-INF/jsp/home.jsp
2022-10-05 19:54:41,649 TRACE c.g.f.w.FontController [http-nio-8080-exec-5] Send to forward --> /WEB-INF/jsp/home.jsp
2022-10-05 19:54:41,659 DEBUG c.g.f.w.FontController [http-nio-8080-exec-5] Controller#doGet finished
2022-10-05 19:54:42,565 DEBUG c.g.f.w.FontController [http-nio-8080-exec-4] Controller#doGet starts
2022-10-05 19:54:42,565 DEBUG c.g.f.w.FontController [http-nio-8080-exec-4] Controller starts
2022-10-05 19:54:42,565 TRACE c.g.f.w.FontController [http-nio-8080-exec-4] Request parameter: command --> /change-locale
2022-10-05 19:54:42,565 TRACE c.g.f.w.FontController [http-nio-8080-exec-4] Obtain key --> com.gmail.fursovych20.web.command.impl.ChangeLocaleCommand@c94330
2022-10-05 19:54:42,565 DEBUG c.g.f.w.c.i.ChangeLocaleCommand [http-nio-8080-exec-4] ChangeLocaleCommand starts
2022-10-05 19:54:42,565 TRACE c.g.f.w.c.i.ChangeLocaleCommand [http-nio-8080-exec-4] Locale --> uk_UA
2022-10-05 19:54:42,565 TRACE c.g.f.w.u.HttpUtil [http-nio-8080-exec-4] Header page --> http://127.0.0.1:8080/periodicals_epam_war_exploded/controller/home
2022-10-05 19:54:42,565 DEBUG c.g.f.w.c.i.ChangeLocaleCommand [http-nio-8080-exec-4] ChangeLocaleCommand finish!
2022-10-05 19:54:42,565 TRACE c.g.f.w.FontController [http-nio-8080-exec-4] Forward address --> redirect->http://127.0.0.1:8080/periodicals_epam_war_exploded/controller/home
2022-10-05 19:54:42,565 DEBUG c.g.f.w.FontController [http-nio-8080-exec-4] Controller finished, now go to address --> redirect->http://127.0.0.1:8080/periodicals_epam_war_exploded/controller/home
2022-10-05 19:54:42,566 TRACE c.g.f.w.FontController [http-nio-8080-exec-4] Send to redirect --> http://127.0.0.1:8080/periodicals_epam_war_exploded/controller/home
2022-10-05 19:54:42,566 DEBUG c.g.f.w.FontController [http-nio-8080-exec-4] Controller#doGet finished
2022-10-05 19:54:42,570 DEBUG c.g.f.w.FontController [http-nio-8080-exec-6] Controller#doGet starts
2022-10-05 19:54:42,570 DEBUG c.g.f.w.FontController [http-nio-8080-exec-6] Controller starts
2022-10-05 19:54:42,570 TRACE c.g.f.w.FontController [http-nio-8080-exec-6] Request parameter: command --> /home
2022-10-05 19:54:42,570 TRACE c.g.f.w.FontController [http-nio-8080-exec-6] Obtain key --> com.gmail.fursovych20.web.command.impl.HomeCommand@122038e1
2022-10-05 19:54:42,570 DEBUG c.g.f.w.c.i.HomeCommand [http-nio-8080-exec-6] HomeCommand starts
2022-10-05 19:54:42,570 TRACE c.g.f.w.c.i.HomeCommand [http-nio-8080-exec-6] Locale --> uk_UA
2022-10-05 19:54:42,571 DEBUG c.g.f.w.c.i.HomeCommand [http-nio-8080-exec-6] getSearchCriteria starts
2022-10-05 19:54:42,571 DEBUG c.g.f.w.c.i.HomeCommand [http-nio-8080-exec-6] getSearchCriteria finally success!
2022-10-05 19:54:42,573 INFO c.g.f.d.d.i.PublicationDAOImpl [http-nio-8080-exec-6] Find all publications by criteria --> PublicationSearchCriteria{locale=uk_UA, themeId=0, typeId=0, orderId=0, currentPage=1, itemsPerPage=10, pageCount=0}
2022-10-05 19:54:42,574 INFO c.g.f.d.d.i.PublicationDAOImpl [http-nio-8080-exec-6] Received total count --> PublicationSearchCriteria{locale=uk_UA, themeId=0, typeId=0, orderId=0, currentPage=1, itemsPerPage=10, pageCount=0}
2022-10-05 19:54:42,577 INFO c.g.f.d.d.i.ThemeDAOImpl [http-nio-8080-exec-6] Find all theme successfully!
2022-10-05 19:54:42,579 INFO c.g.f.d.d.i.TypeDAOImpl [http-nio-8080-exec-6] Find all type successfully --> uk_UA
2022-10-05 19:54:42,579 DEBUG c.g.f.w.c.i.HomeCommand [http-nio-8080-exec-6] HomeCommand finish
2022-10-05 19:54:42,579 TRACE c.g.f.w.FontController [http-nio-8080-exec-6] Forward address --> forward->/WEB-INF/jsp/home.jsp
2022-10-05 19:54:42,579 DEBUG c.g.f.w.FontController [http-nio-8080-exec-6] Controller finished, now go to address --> forward->/WEB-INF/jsp/home.jsp
2022-10-05 19:54:42,579 TRACE c.g.f.w.FontController [http-nio-8080-exec-6] Send to forward --> /WEB-INF/jsp/home.jsp
2022-10-05 19:54:42,585 DEBUG c.g.f.w.FontController [http-nio-8080-exec-6] Controller#doGet finished
2022-10-05 19:54:46,202 DEBUG c.g.f.w.FontController [http-nio-8080-exec-8] Controller#doGet starts
2022-10-05 19:54:46,202 DEBUG c.g.f.w.FontController [http-nio-8080-exec-8] Controller starts
2022-10-05 19:54:46,202 TRACE c.g.f.w.FontController [http-nio-8080-exec-8] Request parameter: command --> /admin/add-publication-form
2022-10-05 19:54:46,202 TRACE c.g.f.w.FontController [http-nio-8080-exec-8] Obtain key --> com.gmail.fursovych20.web.command.impl.GetAddPublicationFormCommand@274b613b
2022-10-05 19:54:46,203 DEBUG c.g.f.w.c.i.GetAddPublicationFormCommand [http-nio-8080-exec-8] GetAddPublicationFormCommand starts
2022-10-05 19:54:46,203 TRACE c.g.f.w.c.i.GetAddPublicationFormCommand [http-nio-8080-exec-8] Locale --> uk_UA
2022-10-05 19:54:46,205 INFO c.g.f.d.d.i.ThemeDAOImpl [http-nio-8080-exec-8] Find all theme successfully!
2022-10-05 19:54:46,208 INFO c.g.f.d.d.i.TypeDAOImpl [http-nio-8080-exec-8] Find all type successfully --> uk_UA
2022-10-05 19:54:46,208 DEBUG c.g.f.w.c.i.GetAddPublicationFormCommand [http-nio-8080-exec-8] GetAddPublicationFormCommand finish success!
2022-10-05 19:54:46,208 TRACE c.g.f.w.FontController [http-nio-8080-exec-8] Forward address --> forward->/WEB-INF/jsp/admin/add_publication_form.jsp
2022-10-05 19:54:46,209 DEBUG c.g.f.w.FontController [http-nio-8080-exec-8] Controller finished, now go to address --> forward->/WEB-INF/jsp/admin/add_publication_form.jsp
2022-10-05 19:54:46,210 TRACE c.g.f.w.FontController [http-nio-8080-exec-8] Send to forward --> /WEB-INF/jsp/admin/add_publication_form.jsp
2022-10-05 19:54:46,655 DEBUG c.g.f.w.FontController [http-nio-8080-exec-8] Controller#doGet finished
2022-10-05 19:54:48,502 DEBUG c.g.f.w.FontController [http-nio-8080-exec-7] Controller#doGet starts
2022-10-05 19:54:48,502 DEBUG c.g.f.w.FontController [http-nio-8080-exec-7] Controller starts
2022-10-05 19:54:48,502 TRACE c.g.f.w.FontController [http-nio-8080-exec-7] Request parameter: command --> /admin/edit-themes
2022-10-05 19:54:48,502 TRACE c.g.f.w.FontController [http-nio-8080-exec-7] Obtain key --> com.gmail.fursovych20.web.command.impl.EditThemeCommand@7a1179bc
2022-10-05 19:54:48,503 DEBUG c.g.f.w.c.i.EditThemeCommand [http-nio-8080-exec-7] EditThemeCommand starts
2022-10-05 19:54:48,516 INFO c.g.f.d.d.i.ThemeDAOImpl [http-nio-8080-exec-7] Find all localized successfully!
2022-10-05 19:54:48,516 DEBUG c.g.f.w.c.i.EditThemeCommand [http-nio-8080-exec-7] EditThemeCommand finish success!
2022-10-05 19:54:48,516 TRACE c.g.f.w.FontController [http-nio-8080-exec-7] Forward address --> forward->/WEB-INF/jsp/admin/edit_themes.jsp
2022-10-05 19:54:48,516 DEBUG c.g.f.w.FontController [http-nio-8080-exec-7] Controller finished, now go to address --> forward->/WEB-INF/jsp/admin/edit_themes.jsp
2022-10-05 19:54:48,517 TRACE c.g.f.w.FontController [http-nio-8080-exec-7] Send to forward --> /WEB-INF/jsp/admin/edit_themes.jsp
2022-10-05 19:54:49,336 DEBUG c.g.f.w.FontController [http-nio-8080-exec-7] Controller#doGet finished
2022-10-05 19:54:49,786 DEBUG c.g.f.w.FontController [http-nio-8080-exec-9] Controller#doGet starts
2022-10-05 19:54:49,787 DEBUG c.g.f.w.FontController [http-nio-8080-exec-9] Controller starts
2022-10-05 19:54:49,787 TRACE c.g.f.w.FontController [http-nio-8080-exec-9] Request parameter: command --> /admin/edit-types
2022-10-05 19:54:49,787 TRACE c.g.f.w.FontController [http-nio-8080-exec-9] Obtain key --> com.gmail.fursovych20.web.command.impl.EditTypeCommand@6b5a52cc
2022-10-05 19:54:49,787 DEBUG c.g.f.w.c.i.EditTypeCommand [http-nio-8080-exec-9] EditTypeCommand starts
2022-10-05 19:54:49,816 INFO c.g.f.d.d.i.TypeDAOImpl [http-nio-8080-exec-9] Find all localized successfully!
2022-10-05 19:54:49,817 DEBUG c.g.f.w.c.i.EditTypeCommand [http-nio-8080-exec-9] EditTypeCommand finish success!
2022-10-05 19:54:49,817 TRACE c.g.f.w.FontController [http-nio-8080-exec-9] Forward address --> forward->/WEB-INF/jsp/admin/edit_types.jsp
2022-10-05 19:54:49,817 DEBUG c.g.f.w.FontController [http-nio-8080-exec-9] Controller finished, now go to address --> forward->/WEB-INF/jsp/admin/edit_types.jsp
2022-10-05 19:54:49,817 TRACE c.g.f.w.FontController [http-nio-8080-exec-9] Send to forward --> /WEB-INF/jsp/admin/edit_types.jsp
2022-10-05 19:54:50,314 DEBUG c.g.f.w.FontController [http-nio-8080-exec-9] Controller#doGet finished
2022-10-05 19:54:52,621 DEBUG c.g.f.w.FontController [http-nio-8080-exec-10] Controller#doGPost starts
2022-10-05 19:54:52,621 DEBUG c.g.f.w.FontController [http-nio-8080-exec-10] Controller starts
2022-10-05 19:54:52,622 TRACE c.g.f.w.FontController [http-nio-8080-exec-10] Request parameter: command --> /admin/update-type
2022-10-05 19:54:52,622 TRACE c.g.f.w.FontController [http-nio-8080-exec-10] Obtain key --> com.gmail.fursovych20.web.command.impl.UpdateTypeCommand@65c8de23
2022-10-05 19:54:52,622 DEBUG c.g.f.w.c.i.UpdateTypeCommand [http-nio-8080-exec-10] UpdateTypeCommand starts
2022-10-05 19:54:52,622 TRACE c.g.f.w.c.i.UpdateTypeCommand [http-nio-8080-exec-10] Locale --> uk_UA
2022-10-05 19:54:52,622 TRACE c.g.f.w.c.i.UpdateTypeCommand [http-nio-8080-exec-10] Type ID --> 1
2022-10-05 19:54:52,623 DEBUG c.g.f.s.u.Validator [http-nio-8080-exec-10] Validate TitleEdition: true
2022-10-05 19:54:52,624 DEBUG c.g.f.s.u.Validator [http-nio-8080-exec-10] Validate TitleEdition: true
2022-10-05 19:54:52,627 INFO c.g.f.d.d.i.TypeDAOImpl [http-nio-8080-exec-10] Update localizedType successfully --> LocalizedType{id=1, defaultName='Newspaper', localizedNames={uk_UA=, en_US=Newspaper}}
2022-10-05 19:54:52,632 TRACE c.g.f.w.c.i.UpdateTypeCommand [http-nio-8080-exec-10] referPage --> /periodicals_epam_war_exploded/controller/admin/edit-types
2022-10-05 19:54:52,632 TRACE c.g.f.w.FontController [http-nio-8080-exec-10] Forward address --> redirect->/periodicals_epam_war_exploded/controller/admin/edit-types
2022-10-05 19:54:52,632 DEBUG c.g.f.w.FontController [http-nio-8080-exec-10] Controller finished, now go to address --> redirect->/periodicals_epam_war_exploded/controller/admin/edit-types
2022-10-05 19:54:52,632 TRACE c.g.f.w.FontController [http-nio-8080-exec-10] Send to redirect --> /periodicals_epam_war_exploded/controller/admin/edit-types
2022-10-05 19:54:52,632 DEBUG c.g.f.w.FontController [http-nio-8080-exec-10] Controller#doGPost finished
2022-10-05 19:54:52,645 DEBUG c.g.f.w.FontController [http-nio-8080-exec-2] Controller#doGet starts
2022-10-05 19:54:52,645 DEBUG c.g.f.w.FontController [http-nio-8080-exec-2] Controller starts
2022-10-05 19:54:52,645 TRACE c.g.f.w.FontController [http-nio-8080-exec-2] Request parameter: command --> /admin/edit-types
2022-10-05 19:54:52,645 TRACE c.g.f.w.FontController [http-nio-8080-exec-2] Obtain key --> com.gmail.fursovych20.web.command.impl.EditTypeCommand@6b5a52cc
2022-10-05 19:54:52,645 DEBUG c.g.f.w.c.i.EditTypeCommand [http-nio-8080-exec-2] EditTypeCommand starts
2022-10-05 19:54:52,649 INFO c.g.f.d.d.i.TypeDAOImpl [http-nio-8080-exec-2] Find all localized successfully!
2022-10-05 19:54:52,649 DEBUG c.g.f.w.c.i.EditTypeCommand [http-nio-8080-exec-2] EditTypeCommand finish success!
2022-10-05 19:54:52,649 TRACE c.g.f.w.FontController [http-nio-8080-exec-2] Forward address --> forward->/WEB-INF/jsp/admin/edit_types.jsp
2022-10-05 19:54:52,650 DEBUG c.g.f.w.FontController [http-nio-8080-exec-2] Controller finished, now go to address --> forward->/WEB-INF/jsp/admin/edit_types.jsp
2022-10-05 19:54:52,650 TRACE c.g.f.w.FontController [http-nio-8080-exec-2] Send to forward --> /WEB-INF/jsp/admin/edit_types.jsp
2022-10-05 19:54:52,656 DEBUG c.g.f.w.FontController [http-nio-8080-exec-2] Controller#doGet finished
2022-10-05 19:54:53,737 DEBUG c.g.f.w.FontController [http-nio-8080-exec-3] Controller#doGet starts
2022-10-05 19:54:53,737 DEBUG c.g.f.w.FontController [http-nio-8080-exec-3] Controller starts
2022-10-05 19:54:53,737 TRACE c.g.f.w.FontController [http-nio-8080-exec-3] Request parameter: command --> /admin/edit-themes
2022-10-05 19:54:53,737 TRACE c.g.f.w.FontController [http-nio-8080-exec-3] Obtain key --> com.gmail.fursovych20.web.command.impl.EditThemeCommand@7a1179bc
2022-10-05 19:54:53,738 DEBUG c.g.f.w.c.i.EditThemeCommand [http-nio-8080-exec-3] EditThemeCommand starts
2022-10-05 19:54:53,742 INFO c.g.f.d.d.i.ThemeDAOImpl [http-nio-8080-exec-3] Find all localized successfully!
2022-10-05 19:54:53,742 DEBUG c.g.f.w.c.i.EditThemeCommand [http-nio-8080-exec-3] EditThemeCommand finish success!
2022-10-05 19:54:53,742 TRACE c.g.f.w.FontController [http-nio-8080-exec-3] Forward address --> forward->/WEB-INF/jsp/admin/edit_themes.jsp
2022-10-05 19:54:53,742 DEBUG c.g.f.w.FontController [http-nio-8080-exec-3] Controller finished, now go to address --> forward->/WEB-INF/jsp/admin/edit_themes.jsp
2022-10-05 19:54:53,742 TRACE c.g.f.w.FontController [http-nio-8080-exec-3] Send to forward --> /WEB-INF/jsp/admin/edit_themes.jsp
2022-10-05 19:54:53,756 DEBUG c.g.f.w.FontController [http-nio-8080-exec-3] Controller#doGet finished
2022-10-05 19:54:55,055 DEBUG c.g.f.w.FontController [http-nio-8080-exec-5] Controller#doGPost starts
2022-10-05 19:54:55,055 DEBUG c.g.f.w.FontController [http-nio-8080-exec-5] Controller starts
2022-10-05 19:54:55,055 TRACE c.g.f.w.FontController [http-nio-8080-exec-5] Request parameter: command --> /admin/update-theme
2022-10-05 19:54:55,055 TRACE c.g.f.w.FontController [http-nio-8080-exec-5] Obtain key --> com.gmail.fursovych20.web.command.impl.UpdateThemeCommand@58a80b48
2022-10-05 19:54:55,055 DEBUG c.g.f.w.c.i.UpdateThemeCommand [http-nio-8080-exec-5] UpdateThemeCommand starts
2022-10-05 19:54:55,055 TRACE c.g.f.w.c.i.UpdateThemeCommand [http-nio-8080-exec-5] Locale --> uk_UA
2022-10-05 19:54:55,056 TRACE c.g.f.w.c.i.UpdateThemeCommand [http-nio-8080-exec-5] Theme ID --> 1
2022-10-05 19:54:55,056 DEBUG c.g.f.s.u.Validator [http-nio-8080-exec-5] Validate TitleEdition: true
2022-10-05 19:54:55,056 DEBUG c.g.f.s.u.Validator [http-nio-8080-exec-5] Validate TitleEdition: true
2022-10-05 19:54:55,063 INFO c.g.f.d.d.i.ThemeDAOImpl [http-nio-8080-exec-5] Update theme successfully!
2022-10-05 19:54:55,064 TRACE c.g.f.w.c.i.UpdateThemeCommand [http-nio-8080-exec-5] referPage --> /periodicals_epam_war_exploded/controller/admin/edit-themes
2022-10-05 19:54:55,064 TRACE c.g.f.w.FontController [http-nio-8080-exec-5] Forward address --> redirect->/periodicals_epam_war_exploded/controller/admin/edit-themes
2022-10-05 19:54:55,064 DEBUG c.g.f.w.FontController [http-nio-8080-exec-5] Controller finished, now go to address --> redirect->/periodicals_epam_war_exploded/controller/admin/edit-themes
2022-10-05 19:54:55,065 TRACE c.g.f.w.FontController [http-nio-8080-exec-5] Send to redirect --> /periodicals_epam_war_exploded/controller/admin/edit-themes
2022-10-05 19:54:55,065 DEBUG c.g.f.w.FontController [http-nio-8080-exec-5] Controller#doGPost finished
2022-10-05 19:54:55,071 DEBUG c.g.f.w.FontController [http-nio-8080-exec-4] Controller#doGet starts
2022-10-05 19:54:55,071 DEBUG c.g.f.w.FontController [http-nio-8080-exec-4] Controller starts
2022-10-05 19:54:55,071 TRACE c.g.f.w.FontController [http-nio-8080-exec-4] Request parameter: command --> /admin/edit-themes
2022-10-05 19:54:55,072 TRACE c.g.f.w.FontController [http-nio-8080-exec-4] Obtain key --> com.gmail.fursovych20.web.command.impl.EditThemeCommand@7a1179bc
2022-10-05 19:54:55,072 DEBUG c.g.f.w.c.i.EditThemeCommand [http-nio-8080-exec-4] EditThemeCommand starts
2022-10-05 19:54:55,073 INFO c.g.f.d.d.i.ThemeDAOImpl [http-nio-8080-exec-4] Find all localized successfully!
2022-10-05 19:54:55,073 DEBUG c.g.f.w.c.i.EditThemeCommand [http-nio-8080-exec-4] EditThemeCommand finish success!
2022-10-05 19:54:55,073 TRACE c.g.f.w.FontController [http-nio-8080-exec-4] Forward address --> forward->/WEB-INF/jsp/admin/edit_themes.jsp
2022-10-05 19:54:55,073 DEBUG c.g.f.w.FontController [http-nio-8080-exec-4] Controller finished, now go to address --> forward->/WEB-INF/jsp/admin/edit_themes.jsp
2022-10-05 19:54:55,074 TRACE c.g.f.w.FontController [http-nio-8080-exec-4] Send to forward --> /WEB-INF/jsp/admin/edit_themes.jsp
2022-10-05 19:54:55,080 DEBUG c.g.f.w.FontController [http-nio-8080-exec-4] Controller#doGet finished
2022-10-05 19:54:56,140 DEBUG c.g.f.w.FontController [http-nio-8080-exec-6] Controller#doGet starts
2022-10-05 19:54:56,140 DEBUG c.g.f.w.FontController [http-nio-8080-exec-6] Controller starts
2022-10-05 19:54:56,140 TRACE c.g.f.w.FontController [http-nio-8080-exec-6] Request parameter: command --> /admin/add-publication-form
2022-10-05 19:54:56,140 TRACE c.g.f.w.FontController [http-nio-8080-exec-6] Obtain key --> com.gmail.fursovych20.web.command.impl.GetAddPublicationFormCommand@274b613b
2022-10-05 19:54:56,141 DEBUG c.g.f.w.c.i.GetAddPublicationFormCommand [http-nio-8080-exec-6] GetAddPublicationFormCommand starts
2022-10-05 19:54:56,141 TRACE c.g.f.w.c.i.GetAddPublicationFormCommand [http-nio-8080-exec-6] Locale --> uk_UA
2022-10-05 19:54:56,145 INFO c.g.f.d.d.i.ThemeDAOImpl [http-nio-8080-exec-6] Find all theme successfully!
2022-10-05 19:54:56,148 INFO c.g.f.d.d.i.TypeDAOImpl [http-nio-8080-exec-6] Find all type successfully --> uk_UA
2022-10-05 19:54:56,148 DEBUG c.g.f.w.c.i.GetAddPublicationFormCommand [http-nio-8080-exec-6] GetAddPublicationFormCommand finish success!
2022-10-05 19:54:56,148 TRACE c.g.f.w.FontController [http-nio-8080-exec-6] Forward address --> forward->/WEB-INF/jsp/admin/add_publication_form.jsp
2022-10-05 19:54:56,148 DEBUG c.g.f.w.FontController [http-nio-8080-exec-6] Controller finished, now go to address --> forward->/WEB-INF/jsp/admin/add_publication_form.jsp
2022-10-05 19:54:56,148 TRACE c.g.f.w.FontController [http-nio-8080-exec-6] Send to forward --> /WEB-INF/jsp/admin/add_publication_form.jsp
2022-10-05 19:54:56,155 DEBUG c.g.f.w.FontController [http-nio-8080-exec-6] Controller#doGet finished
2022-10-05 19:55:03,828 DEBUG c.g.f.w.FontController [http-nio-8080-exec-8] Controller#doGet starts
2022-10-05 19:55:03,828 DEBUG c.g.f.w.FontController [http-nio-8080-exec-8] Controller starts
2022-10-05 19:55:03,828 TRACE c.g.f.w.FontController [http-nio-8080-exec-8] Request parameter: command --> /admin/edit-users
2022-10-05 19:55:03,828 TRACE c.g.f.w.FontController [http-nio-8080-exec-8] Obtain key --> com.gmail.fursovych20.web.command.impl.EditUserCommand@28c21517
2022-10-05 19:55:03,828 DEBUG c.g.f.w.c.i.EditUserCommand [http-nio-8080-exec-8] ShowResultPageCommand starts
2022-10-05 19:55:03,830 INFO c.g.f.d.d.i.UserDAOImpl [http-nio-8080-exec-8] Users is found in size --> 4
2022-10-05 19:55:03,830 DEBUG c.g.f.w.c.i.EditUserCommand [http-nio-8080-exec-8] ShowResultPageCommand finish
2022-10-05 19:55:03,830 TRACE c.g.f.w.FontController [http-nio-8080-exec-8] Forward address --> forward->/WEB-INF/jsp/admin/change_user_role.jsp
2022-10-05 19:55:03,830 DEBUG c.g.f.w.FontController [http-nio-8080-exec-8] Controller finished, now go to address --> forward->/WEB-INF/jsp/admin/change_user_role.jsp
2022-10-05 19:55:03,830 TRACE c.g.f.w.FontController [http-nio-8080-exec-8] Send to forward --> /WEB-INF/jsp/admin/change_user_role.jsp
2022-10-05 19:55:04,333 DEBUG c.g.f.w.FontController [http-nio-8080-exec-8] Controller#doGet finished
2022-10-05 19:55:23,041 DEBUG c.g.f.w.FontController [http-nio-8080-exec-9] Controller#doGet starts
2022-10-05 19:55:23,043 DEBUG c.g.f.w.FontController [http-nio-8080-exec-9] Controller starts
2022-10-05 19:55:23,043 TRACE c.g.f.w.FontController [http-nio-8080-exec-9] Request parameter: command --> /admin/edit-types
2022-10-05 19:55:23,043 TRACE c.g.f.w.FontController [http-nio-8080-exec-9] Obtain key --> com.gmail.fursovych20.web.command.impl.EditTypeCommand@6b5a52cc
2022-10-05 19:55:23,043 DEBUG c.g.f.w.c.i.EditTypeCommand [http-nio-8080-exec-9] EditTypeCommand starts
2022-10-05 19:55:23,043 INFO c.g.f.d.d.i.TypeDAOImpl [http-nio-8080-exec-9] Find all localized successfully!
2022-10-05 19:55:23,043 DEBUG c.g.f.w.c.i.EditTypeCommand [http-nio-8080-exec-9] EditTypeCommand finish success!
2022-10-05 19:55:23,044 TRACE c.g.f.w.FontController [http-nio-8080-exec-9] Forward address --> forward->/WEB-INF/jsp/admin/edit_types.jsp
2022-10-05 19:55:23,044 DEBUG c.g.f.w.FontController [http-nio-8080-exec-9] Controller finished, now go to address --> forward->/WEB-INF/jsp/admin/edit_types.jsp
2022-10-05 19:55:23,044 TRACE c.g.f.w.FontController [http-nio-8080-exec-9] Send to forward --> /WEB-INF/jsp/admin/edit_types.jsp
2022-10-05 19:55:23,057 DEBUG c.g.f.w.FontController [http-nio-8080-exec-9] Controller#doGet finished
2022-10-05 19:55:23,779 DEBUG c.g.f.w.FontController [http-nio-8080-exec-10] Controller#doGet starts
2022-10-05 19:55:23,780 DEBUG c.g.f.w.FontController [http-nio-8080-exec-10] Controller starts
2022-10-05 19:55:23,780 TRACE c.g.f.w.FontController [http-nio-8080-exec-10] Request parameter: command --> /admin/edit-themes
2022-10-05 19:55:23,780 TRACE c.g.f.w.FontController [http-nio-8080-exec-10] Obtain key --> com.gmail.fursovych20.web.command.impl.EditThemeCommand@7a1179bc
2022-10-05 19:55:23,780 DEBUG c.g.f.w.c.i.EditThemeCommand [http-nio-8080-exec-10] EditThemeCommand starts
2022-10-05 19:55:23,781 INFO c.g.f.d.d.i.ThemeDAOImpl [http-nio-8080-exec-10] Find all localized successfully!
2022-10-05 19:55:23,781 DEBUG c.g.f.w.c.i.EditThemeCommand [http-nio-8080-exec-10] EditThemeCommand finish success!
2022-10-05 19:55:23,781 TRACE c.g.f.w.FontController [http-nio-8080-exec-10] Forward address --> forward->/WEB-INF/jsp/admin/edit_themes.jsp
2022-10-05 19:55:23,781 DEBUG c.g.f.w.FontController [http-nio-8080-exec-10] Controller finished, now go to address --> forward->/WEB-INF/jsp/admin/edit_themes.jsp
2022-10-05 19:55:23,781 TRACE c.g.f.w.FontController [http-nio-8080-exec-10] Send to forward --> /WEB-INF/jsp/admin/edit_themes.jsp
2022-10-05 19:55:23,792 DEBUG c.g.f.w.FontController [http-nio-8080-exec-10] Controller#doGet finished
